[2021-05-28 07:49:25Z INFO HostContext] No proxy settings were found based on environmental variables (http_proxy/https_proxy/HTTP_PROXY/HTTPS_PROXY)
[2021-05-28 07:49:25Z INFO HostContext] Well known directory 'Bin': '/home/cloud_user/actions-runner/bin'
[2021-05-28 07:49:25Z INFO HostContext] Well known directory 'Root': '/home/cloud_user/actions-runner'
[2021-05-28 07:49:25Z INFO HostContext] Well known config file 'Credentials': '/home/cloud_user/actions-runner/.credentials'
[2021-05-28 07:49:25Z INFO Listener] Runner is built for Linux (X64) - linux-x64.
[2021-05-28 07:49:25Z INFO Listener] RuntimeInformation: Linux 3.10.0-1160.25.1.el7.x86_64 #1 SMP Wed Apr 28 21:49:45 UTC 2021.
[2021-05-28 07:49:25Z INFO Listener] Version: 2.278.0
[2021-05-28 07:49:25Z INFO Listener] Commit: 62d926efce35d3ea16d7624a25aaa5b300737def
[2021-05-28 07:49:25Z INFO Listener] Culture: en-US
[2021-05-28 07:49:25Z INFO Listener] UI Culture: en-US
[2021-05-28 07:49:25Z INFO HostContext] Well known directory 'Bin': '/home/cloud_user/actions-runner/bin'
[2021-05-28 07:49:25Z INFO HostContext] Well known directory 'Root': '/home/cloud_user/actions-runner'
[2021-05-28 07:49:25Z INFO Listener] Validating directory permissions for: '/home/cloud_user/actions-runner'
[2021-05-28 07:49:25Z INFO CommandLineParser] Parse
[2021-05-28 07:49:25Z INFO CommandLineParser] Parsing 5 args
[2021-05-28 07:49:25Z INFO CommandLineParser] parsing argument
[2021-05-28 07:49:25Z INFO CommandLineParser] HasArgs: False
[2021-05-28 07:49:25Z INFO CommandLineParser] Adding Command: configure
[2021-05-28 07:49:25Z INFO CommandLineParser] parsing argument
[2021-05-28 07:49:25Z INFO CommandLineParser] HasArgs: True
[2021-05-28 07:49:25Z INFO CommandLineParser] arg: url
[2021-05-28 07:49:25Z INFO CommandLineParser] parsing argument
[2021-05-28 07:49:25Z INFO CommandLineParser] HasArgs: True
[2021-05-28 07:49:25Z INFO CommandLineParser] Adding option 'url': 'https://github.com/govindarajanv/ruby'
[2021-05-28 07:49:25Z INFO CommandLineParser] parsing argument
[2021-05-28 07:49:25Z INFO CommandLineParser] HasArgs: True
[2021-05-28 07:49:25Z INFO CommandLineParser] arg: token
[2021-05-28 07:49:25Z INFO CommandLineParser] parsing argument
[2021-05-28 07:49:25Z INFO CommandLineParser] HasArgs: True
[2021-05-28 07:49:25Z INFO CommandLineParser] Adding option 'token': '***'
[2021-05-28 07:49:25Z INFO Listener] Arguments parsed
[2021-05-28 07:49:25Z INFO Runner] ExecuteCommand
[2021-05-28 07:49:25Z INFO ConfigurationStore] currentAssemblyLocation: /home/cloud_user/actions-runner/bin/Runner.Listener.dll
[2021-05-28 07:49:25Z INFO HostContext] Well known directory 'Bin': '/home/cloud_user/actions-runner/bin'
[2021-05-28 07:49:25Z INFO ConfigurationStore] binPath: /home/cloud_user/actions-runner/bin
[2021-05-28 07:49:25Z INFO HostContext] Well known directory 'Bin': '/home/cloud_user/actions-runner/bin'
[2021-05-28 07:49:25Z INFO HostContext] Well known directory 'Root': '/home/cloud_user/actions-runner'
[2021-05-28 07:49:25Z INFO ConfigurationStore] RootFolder: /home/cloud_user/actions-runner
[2021-05-28 07:49:25Z INFO HostContext] Well known directory 'Bin': '/home/cloud_user/actions-runner/bin'
[2021-05-28 07:49:25Z INFO HostContext] Well known directory 'Root': '/home/cloud_user/actions-runner'
[2021-05-28 07:49:25Z INFO HostContext] Well known config file 'Runner': '/home/cloud_user/actions-runner/.runner'
[2021-05-28 07:49:25Z INFO ConfigurationStore] ConfigFilePath: /home/cloud_user/actions-runner/.runner
[2021-05-28 07:49:25Z INFO HostContext] Well known directory 'Bin': '/home/cloud_user/actions-runner/bin'
[2021-05-28 07:49:25Z INFO HostContext] Well known directory 'Root': '/home/cloud_user/actions-runner'
[2021-05-28 07:49:25Z INFO HostContext] Well known config file 'Credentials': '/home/cloud_user/actions-runner/.credentials'
[2021-05-28 07:49:25Z INFO ConfigurationStore] CredFilePath: /home/cloud_user/actions-runner/.credentials
[2021-05-28 07:49:25Z INFO HostContext] Well known directory 'Bin': '/home/cloud_user/actions-runner/bin'
[2021-05-28 07:49:25Z INFO HostContext] Well known directory 'Root': '/home/cloud_user/actions-runner'
[2021-05-28 07:49:25Z INFO HostContext] Well known config file 'MigratedCredentials': '/home/cloud_user/actions-runner/.credentials_migrated'
[2021-05-28 07:49:25Z INFO ConfigurationStore] MigratedCredFilePath: /home/cloud_user/actions-runner/.credentials_migrated
[2021-05-28 07:49:25Z INFO HostContext] Well known directory 'Bin': '/home/cloud_user/actions-runner/bin'
[2021-05-28 07:49:25Z INFO HostContext] Well known directory 'Root': '/home/cloud_user/actions-runner'
[2021-05-28 07:49:25Z INFO HostContext] Well known config file 'Service': '/home/cloud_user/actions-runner/.service'
[2021-05-28 07:49:25Z INFO ConfigurationStore] ServiceConfigFilePath: /home/cloud_user/actions-runner/.service
[2021-05-28 07:49:25Z INFO CommandSettings] Flag 'help': 'False'
[2021-05-28 07:49:25Z INFO CommandSettings] Flag 'version': 'False'
[2021-05-28 07:49:25Z INFO CommandSettings] Flag 'commit': 'False'
[2021-05-28 07:49:25Z INFO CommandSettings] Flag 'check': 'False'
[2021-05-28 07:49:25Z INFO CommandSettings] Command 'configure': 'True'
[2021-05-28 07:49:25Z INFO Terminal] WRITE LINE: 
[2021-05-28 07:49:25Z INFO Terminal] WRITE LINE: --------------------------------------------------------------------------------
[2021-05-28 07:49:25Z INFO Terminal] WRITE LINE: |        ____ _ _   _   _       _          _        _   _                      |
[2021-05-28 07:49:25Z INFO Terminal] WRITE LINE: |       / ___(_) |_| | | |_   _| |__      / \   ___| |_(_) ___  _ __  ___      |
[2021-05-28 07:49:25Z INFO Terminal] WRITE LINE: |      | |  _| | __| |_| | | | | '_ \    / _ \ / __| __| |/ _ \| '_ \/ __|     |
[2021-05-28 07:49:25Z INFO Terminal] WRITE LINE: |      | |_| | | |_|  _  | |_| | |_) |  / ___ \ (__| |_| | (_) | | | \__ \     |
[2021-05-28 07:49:25Z INFO Terminal] WRITE LINE: |       \____|_|\__|_| |_|\__,_|_.__/  /_/   \_\___|\__|_|\___/|_| |_|___/     |
[2021-05-28 07:49:25Z INFO Terminal] WRITE LINE: |                                                                              |
[2021-05-28 07:49:25Z INFO Terminal] WRITE: |                       
[2021-05-28 07:49:25Z INFO Terminal] WRITE: Self-hosted runner registration
[2021-05-28 07:49:25Z INFO Terminal] WRITE LINE:                         |
[2021-05-28 07:49:25Z INFO Terminal] WRITE LINE: |                                                                              |
[2021-05-28 07:49:25Z INFO Terminal] WRITE LINE: --------------------------------------------------------------------------------
[2021-05-28 07:49:25Z INFO ConfigurationManager] ConfigureAsync
[2021-05-28 07:49:25Z INFO ConfigurationStore] IsConfigured()
[2021-05-28 07:49:25Z INFO ConfigurationStore] IsConfigured: False
[2021-05-28 07:49:25Z INFO ConfigurationManager] Is configured: False
[2021-05-28 07:49:25Z INFO CommandSettings] Arg 'url': 'https://github.com/govindarajanv/ruby'
[2021-05-28 07:49:25Z INFO CommandSettings] Remove url from Arg dictionary.
[2021-05-28 07:49:25Z INFO CommandSettings] Arg 'token': '***'
[2021-05-28 07:49:25Z INFO CommandSettings] Remove token from Arg dictionary.
[2021-05-28 07:49:25Z INFO ConfigurationManager] Http response code: OK from 'POST https://api.github.com/actions/runner-registration'
[2021-05-28 07:49:26Z INFO ConfigurationManager] cred retrieved via GitHub auth
[2021-05-28 07:49:26Z INFO RunnerServer] Establish connection with 100 seconds timeout.
[2021-05-28 07:49:26Z INFO GitHubActionsService] Starting operation Location.GetConnectionData
[2021-05-28 07:49:26Z INFO RunnerServer] Establish connection with 60 seconds timeout.
[2021-05-28 07:49:26Z INFO GitHubActionsService] Starting operation Location.GetConnectionData
[2021-05-28 07:49:26Z INFO RunnerServer] Establish connection with 60 seconds timeout.
[2021-05-28 07:49:26Z INFO GitHubActionsService] Starting operation Location.GetConnectionData
[2021-05-28 07:49:27Z INFO GitHubActionsService] Finished operation Location.GetConnectionData
[2021-05-28 07:49:27Z INFO GitHubActionsService] Finished operation Location.GetConnectionData
[2021-05-28 07:49:27Z INFO GitHubActionsService] Finished operation Location.GetConnectionData
[2021-05-28 07:49:27Z INFO Terminal] WRITE LINE: 
[2021-05-28 07:49:27Z INFO ConfigurationManager] Test Connection complete.
[2021-05-28 07:49:27Z INFO HostContext] Well known directory 'Bin': '/home/cloud_user/actions-runner/bin'
[2021-05-28 07:49:27Z INFO HostContext] Well known directory 'Root': '/home/cloud_user/actions-runner'
[2021-05-28 07:49:27Z INFO HostContext] Well known config file 'RSACredentials': '/home/cloud_user/actions-runner/.credentials_rsaparams'
[2021-05-28 07:49:27Z INFO RSAFileKeyManager] Creating new RSA key using 2048-bit key length
[2021-05-28 07:49:27Z INFO RSAFileKeyManager] Successfully saved RSA key parameters to file /home/cloud_user/actions-runner/.credentials_rsaparams
[2021-05-28 07:49:27Z INFO RSAFileKeyManager] Which: 'chmod'
[2021-05-28 07:49:28Z INFO RSAFileKeyManager] Location: '/bin/chmod'
[2021-05-28 07:49:28Z INFO HostContext] Well known directory 'Bin': '/home/cloud_user/actions-runner/bin'
[2021-05-28 07:49:28Z INFO HostContext] Well known directory 'Root': '/home/cloud_user/actions-runner'
[2021-05-28 07:49:28Z INFO ProcessInvokerWrapper] Starting process:
[2021-05-28 07:49:28Z INFO ProcessInvokerWrapper]   File name: '/bin/chmod'
[2021-05-28 07:49:28Z INFO ProcessInvokerWrapper]   Arguments: '600 /home/cloud_user/actions-runner/.credentials_rsaparams'
[2021-05-28 07:49:28Z INFO ProcessInvokerWrapper]   Working directory: '/home/cloud_user/actions-runner'
[2021-05-28 07:49:28Z INFO ProcessInvokerWrapper]   Require exit code zero: 'False'
[2021-05-28 07:49:28Z INFO ProcessInvokerWrapper]   Encoding web name:  ; code page: ''
[2021-05-28 07:49:28Z INFO ProcessInvokerWrapper]   Force kill process on cancellation: 'False'
[2021-05-28 07:49:28Z INFO ProcessInvokerWrapper]   Redirected STDIN: 'False'
[2021-05-28 07:49:28Z INFO ProcessInvokerWrapper]   Persist current code page: 'False'
[2021-05-28 07:49:28Z INFO ProcessInvokerWrapper]   Keep redirected STDIN open: 'False'
[2021-05-28 07:49:28Z INFO ProcessInvokerWrapper]   High priority process: 'False'
[2021-05-28 07:49:28Z INFO ProcessInvokerWrapper] Process started with process id 3020, waiting for process exit.
[2021-05-28 07:49:28Z INFO ProcessInvokerWrapper] STDOUT/STDERR stream read finished.
[2021-05-28 07:49:28Z INFO ProcessInvokerWrapper] STDOUT/STDERR stream read finished.
[2021-05-28 07:49:28Z INFO ProcessInvokerWrapper] Finished process 3020 with exit code 0, and elapsed time 00:00:00.0143397.
[2021-05-28 07:49:28Z INFO RSAFileKeyManager] Successfully set permissions for RSA key parameters file /home/cloud_user/actions-runner/.credentials_rsaparams
[2021-05-28 07:49:28Z INFO ConfigurationManager] Found a self-hosted runner group with id {1} and name {2} 1, Default
[2021-05-28 07:49:28Z INFO CommandSettings] Arg 'name': ''
[2021-05-28 07:49:28Z INFO CommandSettings] Flag 'unattended': 'False'
[2021-05-28 07:49:28Z INFO PromptManager] ReadValue
[2021-05-28 07:49:28Z INFO Terminal] WRITE: Enter the name of runner: 
[2021-05-28 07:49:28Z INFO Terminal] WRITE: [press Enter for dc3a06fb751c] 
[2021-05-28 07:49:28Z INFO Terminal] READ LINE
[2021-05-28 07:49:54Z INFO Terminal] Read value: 'govind-hosted'
[2021-05-28 07:49:54Z INFO Terminal] WRITE LINE: 
[2021-05-28 07:49:54Z INFO CommandSettings] Arg 'labels': ''
[2021-05-28 07:49:54Z INFO CommandSettings] Flag 'unattended': 'False'
[2021-05-28 07:49:54Z INFO PromptManager] ReadValue
[2021-05-28 07:49:54Z INFO Terminal] WRITE: This runner will have the following labels: 'self-hosted', 'Linux', 'X64' 
Enter any additional labels (ex. label-1,label-2): 
[2021-05-28 07:49:54Z INFO Terminal] WRITE: [press Enter to skip] 
[2021-05-28 07:49:54Z INFO Terminal] READ LINE
[2021-05-28 07:50:11Z INFO Terminal] Read value: 'govind-hosted'
[2021-05-28 07:50:11Z INFO Terminal] WRITE LINE: 
[2021-05-28 07:50:11Z INFO ConfigurationStore] Saving OAuth credential @ /home/cloud_user/actions-runner/.credentials
[2021-05-28 07:50:11Z INFO ConfigurationStore] Credentials Saved.
[2021-05-28 07:50:11Z INFO ConfigurationStore] HasCredentials()
[2021-05-28 07:50:11Z INFO ConfigurationStore] stored True
[2021-05-28 07:50:11Z INFO CredentialManager] GetCredentialProvider
[2021-05-28 07:50:11Z INFO CredentialManager] Creating type OAuth
[2021-05-28 07:50:11Z INFO CredentialManager] Creating credential type: OAuth
[2021-05-28 07:50:11Z INFO RSAFileKeyManager] Loading RSA key parameters from file /home/cloud_user/actions-runner/.credentials_rsaparams
[2021-05-28 07:50:11Z INFO RunnerServer] Establish connection with 100 seconds timeout.
[2021-05-28 07:50:11Z INFO GitHubActionsService] Starting operation Location.GetConnectionData
[2021-05-28 07:50:11Z INFO RunnerServer] Establish connection with 60 seconds timeout.
[2021-05-28 07:50:11Z INFO GitHubActionsService] Starting operation Location.GetConnectionData
[2021-05-28 07:50:11Z INFO RunnerServer] Establish connection with 60 seconds timeout.
[2021-05-28 07:50:11Z INFO GitHubActionsService] Starting operation Location.GetConnectionData
[2021-05-28 07:50:12Z INFO GitHubActionsService] Finished operation Location.GetConnectionData
[2021-05-28 07:50:12Z INFO GitHubActionsService] Finished operation Location.GetConnectionData
[2021-05-28 07:50:12Z INFO GitHubActionsService] Finished operation Location.GetConnectionData
[2021-05-28 07:50:12Z WARN GitHubActionsService] Authentication failed with status code 401.
WWW-Authenticate: Bearer
Strict-Transport-Security: max-age=2592000
X-TFS-ProcessId: 7604292a-8e9d-4c57-9a53-9ee3cd80b929
ActivityId: 132c7637-945f-4acc-b338-b1954a170a4d
X-TFS-Session: 3381b6e3-1b23-41bf-b8d9-1c210d6a3b0f
X-VSS-E2EID: 33ca4c52-ddb3-455d-95b0-b2513787de08
X-VSS-SenderDeploymentId: ac98198d-4d34-0364-420d-bafa6e51dce2
X-TFS-ServiceError: The+user+%27System%3aPublicAccess%3baaaaaaaa-aaaa-aaaa-aaaa-aaaaaaaaaaaa%27+is+not+authorized+to+access+this+resource.
X-VSS-S2STargetService: 0000005A-0000-8888-8000-000000000000/visualstudio.com
X-Cache: CONFIG_NOCACHE
X-MSEdge-Ref: Ref A: 94ACE81349684F2D876DF5D5B108C02E Ref B: BOM02EDGE0413 Ref C: 2021-05-28T07:50:13Z
Date: Fri, 28 May 2021 07:50:13 GMT

[2021-05-28 07:50:13Z INFO RSAFileKeyManager] Loading RSA key parameters from file /home/cloud_user/actions-runner/.credentials_rsaparams
[2021-05-28 07:50:13Z INFO RSAFileKeyManager] Loading RSA key parameters from file /home/cloud_user/actions-runner/.credentials_rsaparams
[2021-05-28 07:50:13Z INFO GitHubActionsService] AAD Correlation ID for this token request: Unknown
[2021-05-28 07:50:13Z INFO CommandSettings] Arg 'work': ''
[2021-05-28 07:50:13Z INFO CommandSettings] Flag 'unattended': 'False'
[2021-05-28 07:50:13Z INFO PromptManager] ReadValue
[2021-05-28 07:50:13Z INFO Terminal] WRITE: Enter name of work folder: 
[2021-05-28 07:50:13Z INFO Terminal] WRITE: [press Enter for _work] 
[2021-05-28 07:50:13Z INFO Terminal] READ LINE
[2021-05-28 07:50:16Z INFO Terminal] Read value: ''
[2021-05-28 07:50:16Z INFO PromptManager] Falling back to the default: '_work'
[2021-05-28 07:50:16Z INFO ConfigurationStore] Saving runner settings.
[2021-05-28 07:50:16Z INFO ConfigurationStore] Settings Saved.
[2021-05-28 07:50:16Z INFO Terminal] WRITE LINE: 
[2021-05-28 07:50:16Z INFO Terminal] WRITE LINE: 
[2021-05-28 07:50:16Z INFO SystemDControlManager] Service name 'actions.runner.govindarajanv-ruby.govind-hosted.service' display name 'GitHub Actions Runner (govindarajanv-ruby.govind-hosted)' will be used for service configuration.
[2021-05-28 07:50:16Z INFO HostContext] Well known directory 'Bin': '/home/cloud_user/actions-runner/bin'
[2021-05-28 07:50:16Z INFO HostContext] Well known directory 'Root': '/home/cloud_user/actions-runner'
[2021-05-28 07:50:16Z INFO HostContext] Well known directory 'Bin': '/home/cloud_user/actions-runner/bin'
[2021-05-28 07:50:16Z INFO HostContext] Well known directory 'Bin': '/home/cloud_user/actions-runner/bin'
[2021-05-28 07:50:16Z INFO HostContext] Well known directory 'Root': '/home/cloud_user/actions-runner'
[2021-05-28 07:50:16Z INFO UnixUtil] Which: 'chmod'
[2021-05-28 07:50:16Z INFO UnixUtil] Location: '/bin/chmod'
[2021-05-28 07:50:16Z INFO UnixUtil] Running /bin/chmod 755 "/home/cloud_user/actions-runner/svc.sh"
[2021-05-28 07:50:16Z INFO ProcessInvokerWrapper] Starting process:
[2021-05-28 07:50:16Z INFO ProcessInvokerWrapper]   File name: '/bin/chmod'
[2021-05-28 07:50:16Z INFO ProcessInvokerWrapper]   Arguments: '755 "/home/cloud_user/actions-runner/svc.sh"'
[2021-05-28 07:50:16Z INFO ProcessInvokerWrapper]   Working directory: '/home/cloud_user/actions-runner'
[2021-05-28 07:50:16Z INFO ProcessInvokerWrapper]   Require exit code zero: 'True'
[2021-05-28 07:50:16Z INFO ProcessInvokerWrapper]   Encoding web name:  ; code page: ''
[2021-05-28 07:50:16Z INFO ProcessInvokerWrapper]   Force kill process on cancellation: 'False'
[2021-05-28 07:50:16Z INFO ProcessInvokerWrapper]   Redirected STDIN: 'False'
[2021-05-28 07:50:16Z INFO ProcessInvokerWrapper]   Persist current code page: 'False'
[2021-05-28 07:50:16Z INFO ProcessInvokerWrapper]   Keep redirected STDIN open: 'False'
[2021-05-28 07:50:16Z INFO ProcessInvokerWrapper]   High priority process: 'False'
[2021-05-28 07:50:16Z INFO ProcessInvokerWrapper] Failed to update oom_score_adj for PID: 3051.
[2021-05-28 07:50:16Z INFO ProcessInvokerWrapper] System.IO.IOException: No such process
   at System.IO.FileStream.WriteNative(ReadOnlySpan`1 source)
   at System.IO.FileStream.FlushWriteBuffer()
   at System.IO.FileStream.Dispose(Boolean disposing)
   at System.IO.Stream.Close()
   at System.IO.StreamWriter.CloseStreamFromDispose(Boolean disposing)
   at System.IO.StreamWriter.Dispose(Boolean disposing)
   at System.IO.TextWriter.Dispose()
   at System.IO.File.WriteAllText(String path, String contents)
   at GitHub.Runner.Sdk.ProcessInvoker.WriteProcessOomScoreAdj(Int32 processId, Int32 oomScoreAdj)
[2021-05-28 07:50:16Z INFO ProcessInvokerWrapper] Process started with process id 3051, waiting for process exit.
[2021-05-28 07:50:16Z INFO ProcessInvokerWrapper] STDOUT/STDERR stream read finished.
[2021-05-28 07:50:16Z INFO ProcessInvokerWrapper] STDOUT/STDERR stream read finished.
[2021-05-28 07:50:16Z INFO ProcessInvokerWrapper] Finished process 3051 with exit code 0, and elapsed time 00:00:00.0144315.
[2021-05-28 07:50:16Z INFO Listener] Runner execution has finished with return code 0
