[2021-05-28 08:05:29Z INFO HostContext] No proxy settings were found based on environmental variables (http_proxy/https_proxy/HTTP_PROXY/HTTPS_PROXY)
[2021-05-28 08:05:29Z INFO HostContext] Well known directory 'Bin': '/home/cloud_user/actions-runner/bin'
[2021-05-28 08:05:29Z INFO HostContext] Well known directory 'Root': '/home/cloud_user/actions-runner'
[2021-05-28 08:05:29Z INFO HostContext] Well known config file 'Credentials': '/home/cloud_user/actions-runner/.credentials'
[2021-05-28 08:05:29Z INFO Worker] Version: 2.278.0
[2021-05-28 08:05:29Z INFO Worker] Commit: 62d926efce35d3ea16d7624a25aaa5b300737def
[2021-05-28 08:05:29Z INFO Worker] Culture: en-US
[2021-05-28 08:05:29Z INFO Worker] UI Culture: en-US
[2021-05-28 08:05:29Z INFO Worker] Waiting to receive the job message from the channel.
[2021-05-28 08:05:29Z INFO Worker] Message received.
[2021-05-28 08:05:29Z INFO Worker] Job message:
 {
  "fileTable": [
    ".github/workflows/main.yml"
  ],
  "mask": [
    {
      "type": "regex",
      "value": "***"
    },
    {
      "type": "regex",
      "value": "***"
    },
    {
      "type": "regex",
      "value": "***"
    },
    {
      "type": "regex",
      "value": "***"
    },
    {
      "type": "regex",
      "value": "***"
    },
    {
      "type": "regex",
      "value": "***"
    },
    {
      "type": "regex",
      "value": "***"
    },
    {
      "type": "regex",
      "value": "***"
    },
    {
      "type": "regex",
      "value": "***"
    }
  ],
  "steps": [
    {
      "type": "action",
      "reference": {
        "type": "repository",
        "name": "actions/checkout",
        "ref": "v2",
        "repositoryType": "GitHub",
        "path": ""
      },
      "condition": "success()",
      "id": "e4b38c0f-6035-56ec-f78c-2cac0ce98d59",
      "name": "actionscheckout"
    },
    {
      "type": "action",
      "reference": {
        "type": "script"
      },
      "displayNameToken": {
        "type": 0,
        "file": 1,
        "line": 29,
        "col": 15,
        "lit": "Run a one-line script"
      },
      "inputs": {
        "type": 2,
        "map": [
          {
            "key": "script",
            "value": {
              "type": 0,
              "file": 1,
              "line": 30,
              "col": 14,
              "lit": "echo \"Analyzing Runner logs\""
            }
          }
        ]
      },
      "condition": "success()",
      "id": "26f1c419-bc2c-554c-71b6-9aa612d1c993",
      "name": "run1"
    },
    {
      "type": "action",
      "reference": {
        "type": "script"
      },
      "displayNameToken": {
        "type": 0,
        "file": 1,
        "line": 33,
        "col": 15,
        "lit": "Run a multi-line script"
      },
      "inputs": {
        "type": 2,
        "map": [
          {
            "key": "script",
            "value": {
              "type": 0,
              "file": 1,
              "line": 34,
              "col": 14,
              "lit": "echo Add other actions to build,\necho test, and deploy your project.\n"
            }
          }
        ]
      },
      "condition": "success()",
      "id": "64195e42-44eb-5e07-91ab-2f7354f198e9",
      "name": "run2"
    }
  ],
  "variables": {
    "system.isScheduled": {
      "value": "False"
    },
    "system": {
      "value": "actions"
    },
    "system.hosttype": {
      "value": "actions"
    },
    "system.servertype": {
      "value": "Hosted"
    },
    "system.culture": {
      "value": "en-US"
    },
    "system.collectionId": {
      "value": "b6daa0d2-5c8f-4271-a056-dfbeb5bafef2"
    },
    "system.collectionUri": {
      "value": "https://pipelines.actions.githubusercontent.com/E0TFstUCKY1UjEpGjYHNEWbjfDGte2XbGYevBNknq4DjqPSVxQ/"
    },
    "system.taskDefinitionsUri": {
      "value": "https://pipelines.actions.githubusercontent.com/E0TFstUCKY1UjEpGjYHNEWbjfDGte2XbGYevBNknq4DjqPSVxQ/"
    },
    "system.pipelineStartTime": {
      "value": "2021-05-28 08:05:26+00:00"
    },
    "system.definitionId": {
      "value": "3"
    },
    "system.runner.lowdiskspacethreshold": {
      "value": "100"
    },
    "DistributedTask.NewActionMetadata": {
      "value": "true"
    },
    "DistributedTask.UseContextNameForGITHUBACTION": {
      "value": "true"
    },
    "system.teamProjectId": {
      "value": "00000000-0000-0000-0000-000000000000"
    },
    "build.buildId": {
      "value": "2"
    },
    "build.containerId": {
      "value": "85153"
    },
    "system.workflowFilePath": {
      "value": ".github/workflows/main.yml"
    },
    "system.definitionName": {
      "value": "ruby"
    },
    "system.planId": {
      "value": "8145a049-c9ef-453c-b2f6-3108448f1cbe"
    },
    "system.timelineId": {
      "value": "8145a049-c9ef-453c-b2f6-3108448f1cbe"
    },
    "system.stageDisplayName": {
      "value": "__default"
    },
    "system.stageId": {
      "value": "96ac2280-8cb4-5df5-99de-dd2da759617d"
    },
    "system.stageName": {
      "value": "__default"
    },
    "system.stageAttempt": {
      "value": "1"
    },
    "system.phaseDisplayName": {
      "value": "build"
    },
    "system.phaseId": {
      "value": "6884a131-87da-5381-61f3-d7acc3b91d76"
    },
    "system.phaseName": {
      "value": "build"
    },
    "system.phaseAttempt": {
      "value": "1"
    },
    "system.jobIdentifier": {
      "value": "build.__default"
    },
    "system.jobAttempt": {
      "value": "1"
    },
    "System.JobPositionInPhase": {
      "value": "1"
    },
    "System.TotalJobsInPhase": {
      "value": "1"
    },
    "system.github.job": {
      "value": "build"
    },
    "system.jobDisplayName": {
      "value": "build"
    },
    "system.jobId": {
      "value": "ca395085-040a-526b-2ce8-bdc85f692774"
    },
    "system.jobName": {
      "value": "__default"
    },
    "system.github.token.permissions": {
      "value": "{\"Actions\":\"write\",\"Checks\":\"write\",\"Contents\":\"write\",\"Deployments\":\"write\",\"Issues\":\"write\",\"Metadata\":\"read\",\"Packages\":\"write\",\"PullRequests\":\"write\",\"RepositoryProjects\":\"write\",\"SecurityEvents\":\"write\",\"Statuses\":\"write\"}"
    },
    "system.github.token": {
      "value": "***",
      "isSecret": true
    },
    "system.runnerGroupName": {
      "value": "Default"
    }
  },
  "messageType": "PipelineAgentJobRequest",
  "plan": {
    "scopeIdentifier": "00000000-0000-0000-0000-000000000000",
    "planType": "Actions",
    "version": 13,
    "planId": "8145a049-c9ef-453c-b2f6-3108448f1cbe",
    "planGroup": "Actions:00000000-0000-0000-0000-000000000000:1",
    "artifactUri": "vstfs:///Build/Build/2",
    "artifactLocation": null,
    "definition": {
      "_links": {},
      "id": 3,
      "name": "ruby"
    },
    "owner": {
      "_links": {},
      "id": 3,
      "name": "govindarajanv"
    }
  },
  "timeline": {
    "id": "8145a049-c9ef-453c-b2f6-3108448f1cbe",
    "changeId": 5,
    "location": null
  },
  "jobId": "ca395085-040a-526b-2ce8-bdc85f692774",
  "jobDisplayName": "build",
  "jobName": "__default",
  "requestId": 2,
  "lockedUntil": "0001-01-01T00:00:00",
  "resources": {
    "endpoints": [
      {
        "data": {
          "ServerId": "b6daa0d2-5c8f-4271-a056-dfbeb5bafef2",
          "ServerName": "E0TFstUCKY1UjEpGjYHNEWbjfDGte2XbGYevBNknq4DjqPSVxQ",
          "CacheServerUrl": "https://artifactcache.actions.githubusercontent.com/E0TFstUCKY1UjEpGjYHNEWbjfDGte2XbGYevBNknq4DjqPSVxQ/"
        },
        "name": "SystemVssConnection",
        "url": "https://pipelines.actions.githubusercontent.com/E0TFstUCKY1UjEpGjYHNEWbjfDGte2XbGYevBNknq4DjqPSVxQ/",
        "authorization": {
          "parameters": {
            "AccessToken": ***
          },
          "scheme": "OAuth"
        },
        "isShared": false,
        "isReady": true
      }
    ]
  },
  "contextData": {
    "github": {
      "t": 2,
      "d": [
        {
          "k": "ref",
          "v": "refs/heads/master"
        },
        {
          "k": "sha",
          "v": "b2b5d4729fd1d47bb74aa5c51f1f40e06ced9364"
        },
        {
          "k": "repository",
          "v": "govindarajanv/ruby"
        },
        {
          "k": "repository_owner",
          "v": "govindarajanv"
        },
        {
          "k": "repositoryUrl",
          "v": "git://github.com/govindarajanv/ruby.git"
        },
        {
          "k": "run_id",
          "v": "884881072"
        },
        {
          "k": "run_number",
          "v": "2"
        },
        {
          "k": "retention_days",
          "v": "90"
        },
        {
          "k": "actor",
          "v": "govindarajanv"
        },
        {
          "k": "workflow",
          "v": "CI"
        },
        {
          "k": "head_ref",
          "v": ""
        },
        {
          "k": "base_ref",
          "v": ""
        },
        {
          "k": "event_name",
          "v": "push"
        },
        {
          "k": "event",
          "v": {
            "t": 2,
            "d": [
              {
                "k": "after",
                "v": "b2b5d4729fd1d47bb74aa5c51f1f40e06ced9364"
              },
              {
                "k": "base_ref",
                "v": null
              },
              {
                "k": "before",
                "v": "8e3c9638a56522e66151c76d1a7174406bcee74e"
              },
              {
                "k": "commits",
                "v": {
                  "t": 1,
                  "a": [
                    {
                      "t": 2,
                      "d": [
                        {
                          "k": "author",
                          "v": {
                            "t": 2,
                            "d": [
                              {
                                "k": "email",
                                "v": "govindarajanv@outlook.com"
                              },
                              {
                                "k": "name",
                                "v": "Govindarajan V"
                              },
                              {
                                "k": "username",
                                "v": "govindarajanv"
                              }
                            ]
                          }
                        },
                        {
                          "k": "committer",
                          "v": {
                            "t": 2,
                            "d": [
                              {
                                "k": "email",
                                "v": "noreply@github.com"
                              },
                              {
                                "k": "name",
                                "v": "GitHub"
                              },
                              {
                                "k": "username",
                                "v": "web-flow"
                              }
                            ]
                          }
                        },
                        {
                          "k": "distinct",
                          "v": true
                        },
                        {
                          "k": "id",
                          "v": "b2b5d4729fd1d47bb74aa5c51f1f40e06ced9364"
                        },
                        {
                          "k": "message",
                          "v": "Update main.yml"
                        },
                        {
                          "k": "timestamp",
                          "v": "2021-05-28T13:35:22+05:30"
                        },
                        {
                          "k": "tree_id",
                          "v": "079a7ecd3de2bb17ef479d20da51da9a58cfb236"
                        },
                        {
                          "k": "url",
                          "v": "https://github.com/govindarajanv/ruby/commit/b2b5d4729fd1d47bb74aa5c51f1f40e06ced9364"
                        }
                      ]
                    }
                  ]
                }
              },
              {
                "k": "compare",
                "v": "https://github.com/govindarajanv/ruby/compare/8e3c9638a565...b2b5d4729fd1"
              },
              {
                "k": "created",
                "v": false
              },
              {
                "k": "deleted",
                "v": false
              },
              {
                "k": "forced",
                "v": false
              },
              {
                "k": "head_commit",
                "v": {
                  "t": 2,
                  "d": [
                    {
                      "k": "author",
                      "v": {
                        "t": 2,
                        "d": [
                          {
                            "k": "email",
                            "v": "govindarajanv@outlook.com"
                          },
                          {
                            "k": "name",
                            "v": "Govindarajan V"
                          },
                          {
                            "k": "username",
                            "v": "govindarajanv"
                          }
                        ]
                      }
                    },
                    {
                      "k": "committer",
                      "v": {
                        "t": 2,
                        "d": [
                          {
                            "k": "email",
                            "v": "noreply@github.com"
                          },
                          {
                            "k": "name",
                            "v": "GitHub"
                          },
                          {
                            "k": "username",
                            "v": "web-flow"
                          }
                        ]
                      }
                    },
                    {
                      "k": "distinct",
                      "v": true
                    },
                    {
                      "k": "id",
                      "v": "b2b5d4729fd1d47bb74aa5c51f1f40e06ced9364"
                    },
                    {
                      "k": "message",
                      "v": "Update main.yml"
                    },
                    {
                      "k": "timestamp",
                      "v": "2021-05-28T13:35:22+05:30"
                    },
                    {
                      "k": "tree_id",
                      "v": "079a7ecd3de2bb17ef479d20da51da9a58cfb236"
                    },
                    {
                      "k": "url",
                      "v": "https://github.com/govindarajanv/ruby/commit/b2b5d4729fd1d47bb74aa5c51f1f40e06ced9364"
                    }
                  ]
                }
              },
              {
                "k": "pusher",
                "v": {
                  "t": 2,
                  "d": [
                    {
                      "k": "email",
                      "v": "govindarajanv@gmail.com"
                    },
                    {
                      "k": "name",
                      "v": "govindarajanv"
                    }
                  ]
                }
              },
              {
                "k": "ref",
                "v": "refs/heads/master"
              },
              {
                "k": "repository",
                "v": {
                  "t": 2,
                  "d": [
                    {
                      "k": "archive_url",
                      "v": "https://api.github.com/repos/govindarajanv/ruby/{archive_format}{/ref}"
                    },
                    {
                      "k": "archived",
                      "v": false
                    },
                    {
                      "k": "assignees_url",
                      "v": "https://api.github.com/repos/govindarajanv/ruby/assignees{/user}"
                    },
                    {
                      "k": "blobs_url",
                      "v": "https://api.github.com/repos/govindarajanv/ruby/git/blobs{/sha}"
                    },
                    {
                      "k": "branches_url",
                      "v": "https://api.github.com/repos/govindarajanv/ruby/branches{/branch}"
                    },
                    {
                      "k": "clone_url",
                      "v": "https://github.com/govindarajanv/ruby.git"
                    },
                    {
                      "k": "collaborators_url",
                      "v": "https://api.github.com/repos/govindarajanv/ruby/collaborators{/collaborator}"
                    },
                    {
                      "k": "comments_url",
                      "v": "https://api.github.com/repos/govindarajanv/ruby/comments{/number}"
                    },
                    {
                      "k": "commits_url",
                      "v": "https://api.github.com/repos/govindarajanv/ruby/commits{/sha}"
                    },
                    {
                      "k": "compare_url",
                      "v": "https://api.github.com/repos/govindarajanv/ruby/compare/{base}...{head}"
                    },
                    {
                      "k": "contents_url",
                      "v": "https://api.github.com/repos/govindarajanv/ruby/contents/{+path}"
                    },
                    {
                      "k": "contributors_url",
                      "v": "https://api.github.com/repos/govindarajanv/ruby/contributors"
                    },
                    {
                      "k": "created_at",
                      "v": 1490788684.0
                    },
                    {
                      "k": "default_branch",
                      "v": "master"
                    },
                    {
                      "k": "deployments_url",
                      "v": "https://api.github.com/repos/govindarajanv/ruby/deployments"
                    },
                    {
                      "k": "description",
                      "v": "Ruby Hands on"
                    },
                    {
                      "k": "disabled",
                      "v": false
                    },
                    {
                      "k": "downloads_url",
                      "v": "https://api.github.com/repos/govindarajanv/ruby/downloads"
                    },
                    {
                      "k": "events_url",
                      "v": "https://api.github.com/repos/govindarajanv/ruby/events"
                    },
                    {
                      "k": "fork",
                      "v": false
                    },
                    {
                      "k": "forks",
                      "v": 0.0
                    },
                    {
                      "k": "forks_count",
                      "v": 0.0
                    },
                    {
                      "k": "forks_url",
                      "v": "https://api.github.com/repos/govindarajanv/ruby/forks"
                    },
                    {
                      "k": "full_name",
                      "v": "govindarajanv/ruby"
                    },
                    {
                      "k": "git_commits_url",
                      "v": "https://api.github.com/repos/govindarajanv/ruby/git/commits{/sha}"
                    },
                    {
                      "k": "git_refs_url",
                      "v": "https://api.github.com/repos/govindarajanv/ruby/git/refs{/sha}"
                    },
                    {
                      "k": "git_tags_url",
                      "v": "https://api.github.com/repos/govindarajanv/ruby/git/tags{/sha}"
                    },
                    {
                      "k": "git_url",
                      "v": "git://github.com/govindarajanv/ruby.git"
                    },
                    {
                      "k": "has_downloads",
                      "v": true
                    },
                    {
                      "k": "has_issues",
                      "v": true
                    },
                    {
                      "k": "has_pages",
                      "v": false
                    },
                    {
                      "k": "has_projects",
                      "v": true
                    },
                    {
                      "k": "has_wiki",
                      "v": true
                    },
                    {
                      "k": "homepage",
                      "v": null
                    },
                    {
                      "k": "hooks_url",
                      "v": "https://api.github.com/repos/govindarajanv/ruby/hooks"
                    },
                    {
                      "k": "html_url",
                      "v": "https://github.com/govindarajanv/ruby"
                    },
                    {
                      "k": "id",
                      "v": 86576795.0
                    },
                    {
                      "k": "issue_comment_url",
                      "v": "https://api.github.com/repos/govindarajanv/ruby/issues/comments{/number}"
                    },
                    {
                      "k": "issue_events_url",
                      "v": "https://api.github.com/repos/govindarajanv/ruby/issues/events{/number}"
                    },
                    {
                      "k": "issues_url",
                      "v": "https://api.github.com/repos/govindarajanv/ruby/issues{/number}"
                    },
                    {
                      "k": "keys_url",
                      "v": "https://api.github.com/repos/govindarajanv/ruby/keys{/key_id}"
                    },
                    {
                      "k": "labels_url",
                      "v": "https://api.github.com/repos/govindarajanv/ruby/labels{/name}"
                    },
                    {
                      "k": "language",
                      "v": "Ruby"
                    },
                    {
                      "k": "languages_url",
                      "v": "https://api.github.com/repos/govindarajanv/ruby/languages"
                    },
                    {
                      "k": "license",
                      "v": null
                    },
                    {
                      "k": "master_branch",
                      "v": "master"
                    },
                    {
                      "k": "merges_url",
                      "v": "https://api.github.com/repos/govindarajanv/ruby/merges"
                    },
                    {
                      "k": "milestones_url",
                      "v": "https://api.github.com/repos/govindarajanv/ruby/milestones{/number}"
                    },
                    {
                      "k": "mirror_url",
                      "v": null
                    },
                    {
                      "k": "name",
                      "v": "ruby"
                    },
                    {
                      "k": "node_id",
                      "v": "MDEwOlJlcG9zaXRvcnk4NjU3Njc5NQ=="
                    },
                    {
                      "k": "notifications_url",
                      "v": "https://api.github.com/repos/govindarajanv/ruby/notifications{?since,all,participating}"
                    },
                    {
                      "k": "open_issues",
                      "v": 0.0
                    },
                    {
                      "k": "open_issues_count",
                      "v": 0.0
                    },
                    {
                      "k": "owner",
                      "v": {
                        "t": 2,
                        "d": [
                          {
                            "k": "avatar_url",
                            "v": "https://avatars.githubusercontent.com/u/12713332?v=4"
                          },
                          {
                            "k": "email",
                            "v": "govindarajanv@gmail.com"
                          },
                          {
                            "k": "events_url",
                            "v": "https://api.github.com/users/govindarajanv/events{/privacy}"
                          },
                          {
                            "k": "followers_url",
                            "v": "https://api.github.com/users/govindarajanv/followers"
                          },
                          {
                            "k": "following_url",
                            "v": "https://api.github.com/users/govindarajanv/following{/other_user}"
                          },
                          {
                            "k": "gists_url",
                            "v": "https://api.github.com/users/govindarajanv/gists{/gist_id}"
                          },
                          {
                            "k": "gravatar_id",
                            "v": ""
                          },
                          {
                            "k": "html_url",
                            "v": "https://github.com/govindarajanv"
                          },
                          {
                            "k": "id",
                            "v": 12713332.0
                          },
                          {
                            "k": "login",
                            "v": "govindarajanv"
                          },
                          {
                            "k": "name",
                            "v": "govindarajanv"
                          },
                          {
                            "k": "node_id",
                            "v": "MDQ6VXNlcjEyNzEzMzMy"
                          },
                          {
                            "k": "organizations_url",
                            "v": "https://api.github.com/users/govindarajanv/orgs"
                          },
                          {
                            "k": "received_events_url",
                            "v": "https://api.github.com/users/govindarajanv/received_events"
                          },
                          {
                            "k": "repos_url",
                            "v": "https://api.github.com/users/govindarajanv/repos"
                          },
                          {
                            "k": "site_admin",
                            "v": false
                          },
                          {
                            "k": "starred_url",
                            "v": "https://api.github.com/users/govindarajanv/starred{/owner}{/repo}"
                          },
                          {
                            "k": "subscriptions_url",
                            "v": "https://api.github.com/users/govindarajanv/subscriptions"
                          },
                          {
                            "k": "type",
                            "v": "User"
                          },
                          {
                            "k": "url",
                            "v": "https://api.github.com/users/govindarajanv"
                          }
                        ]
                      }
                    },
                    {
                      "k": "private",
                      "v": false
                    },
                    {
                      "k": "pulls_url",
                      "v": "https://api.github.com/repos/govindarajanv/ruby/pulls{/number}"
                    },
                    {
                      "k": "pushed_at",
                      "v": 1622189122.0
                    },
                    {
                      "k": "releases_url",
                      "v": "https://api.github.com/repos/govindarajanv/ruby/releases{/id}"
                    },
                    {
                      "k": "size",
                      "v": 26030.0
                    },
                    {
                      "k": "ssh_url",
                      "v": "git@github.com:govindarajanv/ruby.git"
                    },
                    {
                      "k": "stargazers",
                      "v": 0.0
                    },
                    {
                      "k": "stargazers_count",
                      "v": 0.0
                    },
                    {
                      "k": "stargazers_url",
                      "v": "https://api.github.com/repos/govindarajanv/ruby/stargazers"
                    },
                    {
                      "k": "statuses_url",
                      "v": "https://api.github.com/repos/govindarajanv/ruby/statuses/{sha}"
                    },
                    {
                      "k": "subscribers_url",
                      "v": "https://api.github.com/repos/govindarajanv/ruby/subscribers"
                    },
                    {
                      "k": "subscription_url",
                      "v": "https://api.github.com/repos/govindarajanv/ruby/subscription"
                    },
                    {
                      "k": "svn_url",
                      "v": "https://github.com/govindarajanv/ruby"
                    },
                    {
                      "k": "tags_url",
                      "v": "https://api.github.com/repos/govindarajanv/ruby/tags"
                    },
                    {
                      "k": "teams_url",
                      "v": "https://api.github.com/repos/govindarajanv/ruby/teams"
                    },
                    {
                      "k": "trees_url",
                      "v": "https://api.github.com/repos/govindarajanv/ruby/git/trees{/sha}"
                    },
                    {
                      "k": "updated_at",
                      "v": "2021-05-28T07:58:30Z"
                    },
                    {
                      "k": "url",
                      "v": "https://github.com/govindarajanv/ruby"
                    },
                    {
                      "k": "watchers",
                      "v": 0.0
                    },
                    {
                      "k": "watchers_count",
                      "v": 0.0
                    }
                  ]
                }
              },
              {
                "k": "sender",
                "v": {
                  "t": 2,
                  "d": [
                    {
                      "k": "avatar_url",
                      "v": "https://avatars.githubusercontent.com/u/12713332?v=4"
                    },
                    {
                      "k": "events_url",
                      "v": "https://api.github.com/users/govindarajanv/events{/privacy}"
                    },
                    {
                      "k": "followers_url",
                      "v": "https://api.github.com/users/govindarajanv/followers"
                    },
                    {
                      "k": "following_url",
                      "v": "https://api.github.com/users/govindarajanv/following{/other_user}"
                    },
                    {
                      "k": "gists_url",
                      "v": "https://api.github.com/users/govindarajanv/gists{/gist_id}"
                    },
                    {
                      "k": "gravatar_id",
                      "v": ""
                    },
                    {
                      "k": "html_url",
                      "v": "https://github.com/govindarajanv"
                    },
                    {
                      "k": "id",
                      "v": 12713332.0
                    },
                    {
                      "k": "login",
                      "v": "govindarajanv"
                    },
                    {
                      "k": "node_id",
                      "v": "MDQ6VXNlcjEyNzEzMzMy"
                    },
                    {
                      "k": "organizations_url",
                      "v": "https://api.github.com/users/govindarajanv/orgs"
                    },
                    {
                      "k": "received_events_url",
                      "v": "https://api.github.com/users/govindarajanv/received_events"
                    },
                    {
                      "k": "repos_url",
                      "v": "https://api.github.com/users/govindarajanv/repos"
                    },
                    {
                      "k": "site_admin",
                      "v": false
                    },
                    {
                      "k": "starred_url",
                      "v": "https://api.github.com/users/govindarajanv/starred{/owner}{/repo}"
                    },
                    {
                      "k": "subscriptions_url",
                      "v": "https://api.github.com/users/govindarajanv/subscriptions"
                    },
                    {
                      "k": "type",
                      "v": "User"
                    },
                    {
                      "k": "url",
                      "v": "https://api.github.com/users/govindarajanv"
                    }
                  ]
                }
              }
            ]
          }
        },
        {
          "k": "server_url",
          "v": "https://github.com"
        },
        {
          "k": "api_url",
          "v": "https://api.github.com"
        },
        {
          "k": "graphql_url",
          "v": "https://api.github.com/graphql"
        }
      ]
    },
    "needs": {
      "t": 2
    },
    "matrix": null,
    "strategy": {
      "t": 2,
      "d": [
        {
          "k": "fail-fast",
          "v": true
        },
        {
          "k": "job-index",
          "v": 0.0
        },
        {
          "k": "job-total",
          "v": 1.0
        },
        {
          "k": "max-parallel",
          "v": 1.0
        }
      ]
    }
  }
}
[2021-05-28 08:05:29Z INFO JobRunner] Job ID ca395085-040a-526b-2ce8-bdc85f692774
[2021-05-28 08:05:29Z INFO JobRunner] Creating job server with URL: https://pipelines.actions.githubusercontent.com/E0TFstUCKY1UjEpGjYHNEWbjfDGte2XbGYevBNknq4DjqPSVxQ/
[2021-05-28 08:05:29Z INFO GitHubActionsService] Starting operation Location.GetConnectionData
[2021-05-28 08:05:30Z INFO Worker] Listening for cancel message from the channel.
[2021-05-28 08:05:30Z INFO Worker] Waiting for the job to complete or for a cancel message from the channel.
[2021-05-28 08:05:31Z INFO GitHubActionsService] Finished operation Location.GetConnectionData
[2021-05-28 08:05:31Z INFO JobServerQueue] Start process web console line queue.
[2021-05-28 08:05:31Z INFO JobServerQueue] Start process file upload queue.
[2021-05-28 08:05:31Z INFO JobServerQueue] Start process timeline update queue.
[2021-05-28 08:05:31Z INFO ExecutionContext] Initialize GitHub context
[2021-05-28 08:05:31Z INFO ExecutionContext] Initialize Env context
[2021-05-28 08:05:31Z INFO ConfigurationStore] currentAssemblyLocation: /home/cloud_user/actions-runner/bin/Runner.Worker.dll
[2021-05-28 08:05:31Z INFO HostContext] Well known directory 'Bin': '/home/cloud_user/actions-runner/bin'
[2021-05-28 08:05:31Z INFO ConfigurationStore] binPath: /home/cloud_user/actions-runner/bin
[2021-05-28 08:05:31Z INFO HostContext] Well known directory 'Bin': '/home/cloud_user/actions-runner/bin'
[2021-05-28 08:05:31Z INFO HostContext] Well known directory 'Root': '/home/cloud_user/actions-runner'
[2021-05-28 08:05:31Z INFO ConfigurationStore] RootFolder: /home/cloud_user/actions-runner
[2021-05-28 08:05:31Z INFO HostContext] Well known directory 'Bin': '/home/cloud_user/actions-runner/bin'
[2021-05-28 08:05:31Z INFO HostContext] Well known directory 'Root': '/home/cloud_user/actions-runner'
[2021-05-28 08:05:31Z INFO HostContext] Well known config file 'Runner': '/home/cloud_user/actions-runner/.runner'
[2021-05-28 08:05:31Z INFO ConfigurationStore] ConfigFilePath: /home/cloud_user/actions-runner/.runner
[2021-05-28 08:05:31Z INFO HostContext] Well known directory 'Bin': '/home/cloud_user/actions-runner/bin'
[2021-05-28 08:05:31Z INFO HostContext] Well known directory 'Root': '/home/cloud_user/actions-runner'
[2021-05-28 08:05:31Z INFO HostContext] Well known config file 'Credentials': '/home/cloud_user/actions-runner/.credentials'
[2021-05-28 08:05:31Z INFO ConfigurationStore] CredFilePath: /home/cloud_user/actions-runner/.credentials
[2021-05-28 08:05:31Z INFO HostContext] Well known directory 'Bin': '/home/cloud_user/actions-runner/bin'
[2021-05-28 08:05:31Z INFO HostContext] Well known directory 'Root': '/home/cloud_user/actions-runner'
[2021-05-28 08:05:31Z INFO HostContext] Well known config file 'MigratedCredentials': '/home/cloud_user/actions-runner/.credentials_migrated'
[2021-05-28 08:05:31Z INFO ConfigurationStore] MigratedCredFilePath: /home/cloud_user/actions-runner/.credentials_migrated
[2021-05-28 08:05:31Z INFO HostContext] Well known directory 'Bin': '/home/cloud_user/actions-runner/bin'
[2021-05-28 08:05:31Z INFO HostContext] Well known directory 'Root': '/home/cloud_user/actions-runner'
[2021-05-28 08:05:31Z INFO HostContext] Well known config file 'Service': '/home/cloud_user/actions-runner/.service'
[2021-05-28 08:05:31Z INFO ConfigurationStore] ServiceConfigFilePath: /home/cloud_user/actions-runner/.service
[2021-05-28 08:05:31Z INFO ConfigurationStore] Read setting file: 288 chars
[2021-05-28 08:05:31Z INFO HostContext] Well known directory 'Bin': '/home/cloud_user/actions-runner/bin'
[2021-05-28 08:05:31Z INFO HostContext] Well known directory 'Root': '/home/cloud_user/actions-runner'
[2021-05-28 08:05:31Z INFO HostContext] Well known directory 'Diag': '/home/cloud_user/actions-runner/_diag'
[2021-05-28 08:05:31Z INFO JobRunner] Starting the job execution context.
[2021-05-28 08:05:31Z INFO HostContext] Well known directory 'Bin': '/home/cloud_user/actions-runner/bin'
[2021-05-28 08:05:31Z INFO HostContext] Well known directory 'Root': '/home/cloud_user/actions-runner'
[2021-05-28 08:05:31Z INFO HostContext] Well known directory 'Work': '/home/cloud_user/actions-runner/_work'
[2021-05-28 08:05:31Z INFO JobRunner] Validating directory permissions for: '/home/cloud_user/actions-runner/_work'
[2021-05-28 08:05:31Z INFO HostContext] Well known directory 'Bin': '/home/cloud_user/actions-runner/bin'
[2021-05-28 08:05:31Z INFO HostContext] Well known directory 'Root': '/home/cloud_user/actions-runner'
[2021-05-28 08:05:31Z INFO HostContext] Well known directory 'Work': '/home/cloud_user/actions-runner/_work'
[2021-05-28 08:05:31Z INFO HostContext] Well known directory 'Tools': '/home/cloud_user/actions-runner/_work/_tool'
[2021-05-28 08:05:31Z INFO HostContext] Well known directory 'Bin': '/home/cloud_user/actions-runner/bin'
[2021-05-28 08:05:31Z INFO HostContext] Well known directory 'Root': '/home/cloud_user/actions-runner'
[2021-05-28 08:05:31Z INFO HostContext] Well known directory 'Work': '/home/cloud_user/actions-runner/_work'
[2021-05-28 08:05:31Z INFO HostContext] Well known directory 'Temp': '/home/cloud_user/actions-runner/_work/_temp'
[2021-05-28 08:05:31Z INFO JobRunner] Getting job extension.
[2021-05-28 08:05:31Z INFO JobRunner] Initialize job. Getting all job steps.
[2021-05-28 08:05:31Z INFO HostContext] Well known directory 'Bin': '/home/cloud_user/actions-runner/bin'
[2021-05-28 08:05:31Z INFO HostContext] Well known directory 'Root': '/home/cloud_user/actions-runner'
[2021-05-28 08:05:31Z INFO HostContext] Well known directory 'Diag': '/home/cloud_user/actions-runner/_diag'
[2021-05-28 08:05:31Z INFO HostContext] Well known directory 'Bin': '/home/cloud_user/actions-runner/bin'
[2021-05-28 08:05:31Z INFO HostContext] Well known directory 'Root': '/home/cloud_user/actions-runner'
[2021-05-28 08:05:31Z INFO HostContext] Well known config file 'Credentials': '/home/cloud_user/actions-runner/.credentials'
[2021-05-28 08:05:31Z INFO HostContext] Well known directory 'Bin': '/home/cloud_user/actions-runner/bin'
[2021-05-28 08:05:31Z INFO HostContext] Well known directory 'Root': '/home/cloud_user/actions-runner'
[2021-05-28 08:05:31Z INFO HostContext] Well known config file 'SetupInfo': '/home/cloud_user/actions-runner/.setup_info'
[2021-05-28 08:05:31Z INFO HostContext] Well known directory 'Bin': '/home/cloud_user/actions-runner/bin'
[2021-05-28 08:05:31Z INFO HostContext] Well known directory 'Root': '/home/cloud_user/actions-runner'
[2021-05-28 08:05:31Z INFO HostContext] Well known directory 'Work': '/home/cloud_user/actions-runner/_work'
[2021-05-28 08:05:31Z INFO PipelineDirectoryManager] Loading tracking config if exists: /home/cloud_user/actions-runner/_work/_PipelineMapping/govindarajanv/ruby/PipelineFolder.json
[2021-05-28 08:05:31Z INFO PipelineDirectoryManager] Updating job run properties.
[2021-05-28 08:05:31Z INFO HostContext] Well known directory 'Bin': '/home/cloud_user/actions-runner/bin'
[2021-05-28 08:05:31Z INFO HostContext] Well known directory 'Root': '/home/cloud_user/actions-runner'
[2021-05-28 08:05:31Z INFO HostContext] Well known directory 'Work': '/home/cloud_user/actions-runner/_work'
[2021-05-28 08:05:31Z INFO HostContext] Well known directory 'Bin': '/home/cloud_user/actions-runner/bin'
[2021-05-28 08:05:31Z INFO HostContext] Well known directory 'Root': '/home/cloud_user/actions-runner'
[2021-05-28 08:05:31Z INFO HostContext] Well known directory 'Work': '/home/cloud_user/actions-runner/_work'
[2021-05-28 08:05:31Z INFO HostContext] Well known directory 'Bin': '/home/cloud_user/actions-runner/bin'
[2021-05-28 08:05:31Z INFO HostContext] Well known directory 'Root': '/home/cloud_user/actions-runner'
[2021-05-28 08:05:31Z INFO HostContext] Well known directory 'Work': '/home/cloud_user/actions-runner/_work'
[2021-05-28 08:05:31Z INFO JobExtension] Downloading actions
[2021-05-28 08:05:31Z INFO HostContext] Well known directory 'Bin': '/home/cloud_user/actions-runner/bin'
[2021-05-28 08:05:31Z INFO HostContext] Well known directory 'Root': '/home/cloud_user/actions-runner'
[2021-05-28 08:05:31Z INFO HostContext] Well known directory 'Work': '/home/cloud_user/actions-runner/_work'
[2021-05-28 08:05:31Z INFO HostContext] Well known directory 'Actions': '/home/cloud_user/actions-runner/_work/_actions'
[2021-05-28 08:05:32Z INFO JobServerQueue] Try to append 1 batches web console lines for record '4d02bbbe-4a79-4e2f-9d21-d3407640469d', success rate: 1/1.
[2021-05-28 08:05:33Z INFO HostContext] Well known directory 'Bin': '/home/cloud_user/actions-runner/bin'
[2021-05-28 08:05:33Z INFO HostContext] Well known directory 'Root': '/home/cloud_user/actions-runner'
[2021-05-28 08:05:33Z INFO HostContext] Well known directory 'Work': '/home/cloud_user/actions-runner/_work'
[2021-05-28 08:05:33Z INFO HostContext] Well known directory 'Actions': '/home/cloud_user/actions-runner/_work/_actions'
[2021-05-28 08:05:33Z INFO HostContext] Well known directory 'Bin': '/home/cloud_user/actions-runner/bin'
[2021-05-28 08:05:33Z INFO HostContext] Well known directory 'Root': '/home/cloud_user/actions-runner'
[2021-05-28 08:05:33Z INFO HostContext] Well known directory 'Work': '/home/cloud_user/actions-runner/_work'
[2021-05-28 08:05:33Z INFO HostContext] Well known directory 'Actions': '/home/cloud_user/actions-runner/_work/_actions'
[2021-05-28 08:05:33Z INFO ActionManager] Save archive 'https://api.github.com/repos/actions/checkout/tarball/5a4ac9002d0be2fb38bd78e4b4dbde5606d7042f' into /home/cloud_user/actions-runner/_work/_actions/_temp_1500c963-b3fc-4283-a231-9906f137cb91/752d445e-f50d-456d-b36d-e03f34050865.tar.gz.
[2021-05-28 08:05:33Z INFO JobServerQueue] Try to append 1 batches web console lines for record '4d02bbbe-4a79-4e2f-9d21-d3407640469d', success rate: 1/1.
[2021-05-28 08:05:33Z INFO ActionManager] Which: 'tar'
[2021-05-28 08:05:33Z INFO ActionManager] Location: '/bin/tar'
[2021-05-28 08:05:33Z INFO ProcessInvokerWrapper] Starting process:
[2021-05-28 08:05:33Z INFO ProcessInvokerWrapper]   File name: '/bin/tar'
[2021-05-28 08:05:33Z INFO ProcessInvokerWrapper]   Arguments: '-xzf "/home/cloud_user/actions-runner/_work/_actions/_temp_1500c963-b3fc-4283-a231-9906f137cb91/752d445e-f50d-456d-b36d-e03f34050865.tar.gz"'
[2021-05-28 08:05:33Z INFO ProcessInvokerWrapper]   Working directory: '/home/cloud_user/actions-runner/_work/_actions/_temp_1500c963-b3fc-4283-a231-9906f137cb91/_staging'
[2021-05-28 08:05:33Z INFO ProcessInvokerWrapper]   Require exit code zero: 'False'
[2021-05-28 08:05:33Z INFO ProcessInvokerWrapper]   Encoding web name:  ; code page: ''
[2021-05-28 08:05:33Z INFO ProcessInvokerWrapper]   Force kill process on cancellation: 'False'
[2021-05-28 08:05:33Z INFO ProcessInvokerWrapper]   Redirected STDIN: 'False'
[2021-05-28 08:05:33Z INFO ProcessInvokerWrapper]   Persist current code page: 'False'
[2021-05-28 08:05:33Z INFO ProcessInvokerWrapper]   Keep redirected STDIN open: 'False'
[2021-05-28 08:05:33Z INFO ProcessInvokerWrapper]   High priority process: 'False'
[2021-05-28 08:05:33Z INFO ProcessInvokerWrapper] Updated oom_score_adj to 500 for PID: 3979.
[2021-05-28 08:05:33Z INFO ProcessInvokerWrapper] Process started with process id 3979, waiting for process exit.
[2021-05-28 08:05:33Z INFO ProcessInvokerWrapper] STDOUT/STDERR stream read finished.
[2021-05-28 08:05:33Z INFO ProcessInvokerWrapper] STDOUT/STDERR stream read finished.
[2021-05-28 08:05:33Z INFO ProcessInvokerWrapper] Finished process 3979 with exit code 0, and elapsed time 00:00:00.0273575.
[2021-05-28 08:05:33Z INFO ActionManager] Finished getting action repository.
[2021-05-28 08:05:33Z INFO HostContext] Well known directory 'Bin': '/home/cloud_user/actions-runner/bin'
[2021-05-28 08:05:33Z INFO HostContext] Well known directory 'Root': '/home/cloud_user/actions-runner'
[2021-05-28 08:05:33Z INFO HostContext] Well known directory 'Work': '/home/cloud_user/actions-runner/_work'
[2021-05-28 08:05:33Z INFO HostContext] Well known directory 'Actions': '/home/cloud_user/actions-runner/_work/_actions'
[2021-05-28 08:05:33Z INFO ActionManifestManager] Load schema file with definitions: [
  "null",
  "boolean",
  "number",
  "string",
  "sequence",
  "mapping",
  "any",
  "action-root",
  "inputs",
  "input",
  "outputs",
  "outputs-attributes",
  "runs",
  "container-runs",
  "container-runs-args",
  "container-runs-env",
  "node12-runs",
  "plugin-runs",
  "composite-runs",
  "composite-steps",
  "composite-step",
  "container-runs-context",
  "output-value",
  "input-default-context",
  "non-empty-string",
  "string-steps-context",
  "step-env"
]
[2021-05-28 08:05:33Z INFO HostContext] Well known directory 'Bin': '/home/cloud_user/actions-runner/bin'
[2021-05-28 08:05:33Z INFO HostContext] Well known directory 'Root': '/home/cloud_user/actions-runner'
[2021-05-28 08:05:33Z INFO HostContext] Well known directory 'Work': '/home/cloud_user/actions-runner/_work'
[2021-05-28 08:05:33Z INFO HostContext] Well known directory 'Actions': '/home/cloud_user/actions-runner/_work/_actions'
[2021-05-28 08:05:33Z INFO ActionManifestManager] Loaded action.yml file: {
  "name": "Checkout",
  "description": "Checkout a Git repository at a particular version",
  "inputs": {
    "type": 2,
    "map": [
      {
        "key": {
          "type": 0,
          "file": 2,
          "line": 4,
          "col": 3,
          "lit": "repository"
        },
        "value": {
          "type": 3,
          "file": 2,
          "line": 6,
          "col": 14,
          "expr": "github.repository"
        }
      },
      {
        "key": {
          "type": 0,
          "file": 2,
          "line": 7,
          "col": 3,
          "lit": "ref"
        },
        "value": ""
      },
      {
        "key": {
          "type": 0,
          "file": 2,
          "line": 12,
          "col": 3,
          "lit": "token"
        },
        "value": {
          "type": 3,
          "file": 2,
          "line": 24,
          "col": 14,
          "expr": "github.token"
        }
      },
      {
        "key": {
          "type": 0,
          "file": 2,
          "line": 25,
          "col": 3,
          "lit": "ssh-key"
        },
        "value": ""
      },
      {
        "key": {
          "type": 0,
          "file": 2,
          "line": 37,
          "col": 3,
          "lit": "ssh-known-hosts"
        },
        "value": ""
      },
      {
        "key": {
          "type": 0,
          "file": 2,
          "line": 42,
          "col": 3,
          "lit": "ssh-strict"
        },
        "value": {
          "type": 0,
          "file": 2,
          "line": 47,
          "col": 14,
          "lit": "true"
        }
      },
      {
        "key": {
          "type": 0,
          "file": 2,
          "line": 48,
          "col": 3,
          "lit": "persist-credentials"
        },
        "value": {
          "type": 0,
          "file": 2,
          "line": 50,
          "col": 14,
          "lit": "true"
        }
      },
      {
        "key": {
          "type": 0,
          "file": 2,
          "line": 51,
          "col": 3,
          "lit": "path"
        },
        "value": ""
      },
      {
        "key": {
          "type": 0,
          "file": 2,
          "line": 53,
          "col": 3,
          "lit": "clean"
        },
        "value": {
          "type": 0,
          "file": 2,
          "line": 55,
          "col": 14,
          "lit": "true"
        }
      },
      {
        "key": {
          "type": 0,
          "file": 2,
          "line": 56,
          "col": 3,
          "lit": "fetch-depth"
        },
        "value": {
          "type": 0,
          "file": 2,
          "line": 58,
          "col": 14,
          "lit": "1"
        }
      },
      {
        "key": {
          "type": 0,
          "file": 2,
          "line": 59,
          "col": 3,
          "lit": "lfs"
        },
        "value": {
          "type": 0,
          "file": 2,
          "line": 61,
          "col": 14,
          "lit": "false"
        }
      },
      {
        "key": {
          "type": 0,
          "file": 2,
          "line": 62,
          "col": 3,
          "lit": "submodules"
        },
        "value": {
          "type": 0,
          "file": 2,
          "line": 70,
          "col": 14,
          "lit": "false"
        }
      }
    ]
  },
  "execution": {
    "executionType": "nodeJS",
    "hasPre": false,
    "hasPost": true,
    "script": "dist/index.js",
    "pre": null,
    "post": "dist/index.js",
    "cleanupCondition": "always()",
    "initCondition": "always()"
  },
  "deprecated": null
}
[2021-05-28 08:05:33Z INFO ActionManager] Action node.js file: dist/index.js, no more preparation.
[2021-05-28 08:05:33Z INFO HostContext] Well known directory 'Bin': '/home/cloud_user/actions-runner/bin'
[2021-05-28 08:05:33Z INFO HostContext] Well known directory 'Root': '/home/cloud_user/actions-runner'
[2021-05-28 08:05:33Z INFO HostContext] Well known directory 'Work': '/home/cloud_user/actions-runner/_work'
[2021-05-28 08:05:33Z INFO HostContext] Well known directory 'Actions': '/home/cloud_user/actions-runner/_work/_actions'
[2021-05-28 08:05:33Z INFO ActionManager] Load action that reference repository from '/home/cloud_user/actions-runner/_work/_actions/actions/checkout/v2'
[2021-05-28 08:05:33Z INFO HostContext] Well known directory 'Bin': '/home/cloud_user/actions-runner/bin'
[2021-05-28 08:05:33Z INFO HostContext] Well known directory 'Root': '/home/cloud_user/actions-runner'
[2021-05-28 08:05:33Z INFO HostContext] Well known directory 'Work': '/home/cloud_user/actions-runner/_work'
[2021-05-28 08:05:33Z INFO HostContext] Well known directory 'Actions': '/home/cloud_user/actions-runner/_work/_actions'
[2021-05-28 08:05:33Z INFO ActionManifestManager] Loaded action.yml file: {
  "name": "Checkout",
  "description": "Checkout a Git repository at a particular version",
  "inputs": {
    "type": 2,
    "map": [
      {
        "key": {
          "type": 0,
          "file": 2,
          "line": 4,
          "col": 3,
          "lit": "repository"
        },
        "value": {
          "type": 3,
          "file": 2,
          "line": 6,
          "col": 14,
          "expr": "github.repository"
        }
      },
      {
        "key": {
          "type": 0,
          "file": 2,
          "line": 7,
          "col": 3,
          "lit": "ref"
        },
        "value": ""
      },
      {
        "key": {
          "type": 0,
          "file": 2,
          "line": 12,
          "col": 3,
          "lit": "token"
        },
        "value": {
          "type": 3,
          "file": 2,
          "line": 24,
          "col": 14,
          "expr": "github.token"
        }
      },
      {
        "key": {
          "type": 0,
          "file": 2,
          "line": 25,
          "col": 3,
          "lit": "ssh-key"
        },
        "value": ""
      },
      {
        "key": {
          "type": 0,
          "file": 2,
          "line": 37,
          "col": 3,
          "lit": "ssh-known-hosts"
        },
        "value": ""
      },
      {
        "key": {
          "type": 0,
          "file": 2,
          "line": 42,
          "col": 3,
          "lit": "ssh-strict"
        },
        "value": {
          "type": 0,
          "file": 2,
          "line": 47,
          "col": 14,
          "lit": "true"
        }
      },
      {
        "key": {
          "type": 0,
          "file": 2,
          "line": 48,
          "col": 3,
          "lit": "persist-credentials"
        },
        "value": {
          "type": 0,
          "file": 2,
          "line": 50,
          "col": 14,
          "lit": "true"
        }
      },
      {
        "key": {
          "type": 0,
          "file": 2,
          "line": 51,
          "col": 3,
          "lit": "path"
        },
        "value": ""
      },
      {
        "key": {
          "type": 0,
          "file": 2,
          "line": 53,
          "col": 3,
          "lit": "clean"
        },
        "value": {
          "type": 0,
          "file": 2,
          "line": 55,
          "col": 14,
          "lit": "true"
        }
      },
      {
        "key": {
          "type": 0,
          "file": 2,
          "line": 56,
          "col": 3,
          "lit": "fetch-depth"
        },
        "value": {
          "type": 0,
          "file": 2,
          "line": 58,
          "col": 14,
          "lit": "1"
        }
      },
      {
        "key": {
          "type": 0,
          "file": 2,
          "line": 59,
          "col": 3,
          "lit": "lfs"
        },
        "value": {
          "type": 0,
          "file": 2,
          "line": 61,
          "col": 14,
          "lit": "false"
        }
      },
      {
        "key": {
          "type": 0,
          "file": 2,
          "line": 62,
          "col": 3,
          "lit": "submodules"
        },
        "value": {
          "type": 0,
          "file": 2,
          "line": 70,
          "col": 14,
          "lit": "false"
        }
      }
    ]
  },
  "execution": {
    "executionType": "nodeJS",
    "hasPre": false,
    "hasPost": true,
    "script": "dist/index.js",
    "pre": null,
    "post": "dist/index.js",
    "cleanupCondition": "always()",
    "initCondition": "always()"
  },
  "deprecated": null
}
[2021-05-28 08:05:33Z INFO ActionManager] Action pre node.js file: N/A.
[2021-05-28 08:05:33Z INFO ActionManager] Action node.js file: dist/index.js.
[2021-05-28 08:05:33Z INFO ActionManager] Action post node.js file: dist/index.js.
[2021-05-28 08:05:33Z INFO JobExtension] Adding .
[2021-05-28 08:05:33Z INFO JobExtension] Adding .
[2021-05-28 08:05:33Z INFO JobExtension] Adding .
[2021-05-28 08:05:33Z INFO HostContext] Well known directory 'Bin': '/home/cloud_user/actions-runner/bin'
[2021-05-28 08:05:33Z INFO HostContext] Well known directory 'Root': '/home/cloud_user/actions-runner'
[2021-05-28 08:05:33Z INFO HostContext] Well known directory 'Diag': '/home/cloud_user/actions-runner/_diag'
[2021-05-28 08:05:33Z INFO HostContext] Well known directory 'Bin': '/home/cloud_user/actions-runner/bin'
[2021-05-28 08:05:33Z INFO HostContext] Well known directory 'Root': '/home/cloud_user/actions-runner'
[2021-05-28 08:05:33Z INFO HostContext] Well known directory 'Diag': '/home/cloud_user/actions-runner/_diag'
[2021-05-28 08:05:33Z INFO HostContext] Well known directory 'Bin': '/home/cloud_user/actions-runner/bin'
[2021-05-28 08:05:33Z INFO HostContext] Well known directory 'Root': '/home/cloud_user/actions-runner'
[2021-05-28 08:05:33Z INFO HostContext] Well known directory 'Diag': '/home/cloud_user/actions-runner/_diag'
[2021-05-28 08:05:33Z INFO JobExtension] Total accessible running process: 193.
[2021-05-28 08:05:33Z INFO HostContext] Well known directory 'Bin': '/home/cloud_user/actions-runner/bin'
[2021-05-28 08:05:33Z INFO HostContext] Well known directory 'Root': '/home/cloud_user/actions-runner'
[2021-05-28 08:05:33Z INFO HostContext] Well known directory 'Work': '/home/cloud_user/actions-runner/_work'
[2021-05-28 08:05:33Z INFO JobRunner] Total job steps: 3.
[2021-05-28 08:05:33Z INFO JobRunner] Run all job steps.
[2021-05-28 08:05:33Z INFO StepsRunner] Processing step: DisplayName='Run actions/checkout@v2'
[2021-05-28 08:05:33Z INFO StepsRunner] Initialize Env context for step
[2021-05-28 08:05:33Z INFO StepsRunner] Evaluating: success()
[2021-05-28 08:05:33Z INFO StepsRunner] Result: true
[2021-05-28 08:05:33Z INFO StepsRunner] Starting the step.
[2021-05-28 08:05:33Z INFO HostContext] Well known directory 'Bin': '/home/cloud_user/actions-runner/bin'
[2021-05-28 08:05:33Z INFO HostContext] Well known directory 'Root': '/home/cloud_user/actions-runner'
[2021-05-28 08:05:33Z INFO HostContext] Well known directory 'Work': '/home/cloud_user/actions-runner/_work'
[2021-05-28 08:05:33Z INFO HostContext] Well known directory 'Actions': '/home/cloud_user/actions-runner/_work/_actions'
[2021-05-28 08:05:33Z INFO ActionManager] Load action that reference repository from '/home/cloud_user/actions-runner/_work/_actions/actions/checkout/v2'
[2021-05-28 08:05:33Z INFO HostContext] Well known directory 'Bin': '/home/cloud_user/actions-runner/bin'
[2021-05-28 08:05:33Z INFO HostContext] Well known directory 'Root': '/home/cloud_user/actions-runner'
[2021-05-28 08:05:33Z INFO HostContext] Well known directory 'Work': '/home/cloud_user/actions-runner/_work'
[2021-05-28 08:05:33Z INFO HostContext] Well known directory 'Actions': '/home/cloud_user/actions-runner/_work/_actions'
[2021-05-28 08:05:33Z INFO ActionManifestManager] Loaded action.yml file: {
  "name": "Checkout",
  "description": "Checkout a Git repository at a particular version",
  "inputs": {
    "type": 2,
    "map": [
      {
        "key": {
          "type": 0,
          "file": 2,
          "line": 4,
          "col": 3,
          "lit": "repository"
        },
        "value": {
          "type": 3,
          "file": 2,
          "line": 6,
          "col": 14,
          "expr": "github.repository"
        }
      },
      {
        "key": {
          "type": 0,
          "file": 2,
          "line": 7,
          "col": 3,
          "lit": "ref"
        },
        "value": ""
      },
      {
        "key": {
          "type": 0,
          "file": 2,
          "line": 12,
          "col": 3,
          "lit": "token"
        },
        "value": {
          "type": 3,
          "file": 2,
          "line": 24,
          "col": 14,
          "expr": "github.token"
        }
      },
      {
        "key": {
          "type": 0,
          "file": 2,
          "line": 25,
          "col": 3,
          "lit": "ssh-key"
        },
        "value": ""
      },
      {
        "key": {
          "type": 0,
          "file": 2,
          "line": 37,
          "col": 3,
          "lit": "ssh-known-hosts"
        },
        "value": ""
      },
      {
        "key": {
          "type": 0,
          "file": 2,
          "line": 42,
          "col": 3,
          "lit": "ssh-strict"
        },
        "value": {
          "type": 0,
          "file": 2,
          "line": 47,
          "col": 14,
          "lit": "true"
        }
      },
      {
        "key": {
          "type": 0,
          "file": 2,
          "line": 48,
          "col": 3,
          "lit": "persist-credentials"
        },
        "value": {
          "type": 0,
          "file": 2,
          "line": 50,
          "col": 14,
          "lit": "true"
        }
      },
      {
        "key": {
          "type": 0,
          "file": 2,
          "line": 51,
          "col": 3,
          "lit": "path"
        },
        "value": ""
      },
      {
        "key": {
          "type": 0,
          "file": 2,
          "line": 53,
          "col": 3,
          "lit": "clean"
        },
        "value": {
          "type": 0,
          "file": 2,
          "line": 55,
          "col": 14,
          "lit": "true"
        }
      },
      {
        "key": {
          "type": 0,
          "file": 2,
          "line": 56,
          "col": 3,
          "lit": "fetch-depth"
        },
        "value": {
          "type": 0,
          "file": 2,
          "line": 58,
          "col": 14,
          "lit": "1"
        }
      },
      {
        "key": {
          "type": 0,
          "file": 2,
          "line": 59,
          "col": 3,
          "lit": "lfs"
        },
        "value": {
          "type": 0,
          "file": 2,
          "line": 61,
          "col": 14,
          "lit": "false"
        }
      },
      {
        "key": {
          "type": 0,
          "file": 2,
          "line": 62,
          "col": 3,
          "lit": "submodules"
        },
        "value": {
          "type": 0,
          "file": 2,
          "line": 70,
          "col": 14,
          "lit": "false"
        }
      }
    ]
  },
  "execution": {
    "executionType": "nodeJS",
    "hasPre": false,
    "hasPost": true,
    "script": "dist/index.js",
    "pre": null,
    "post": "dist/index.js",
    "cleanupCondition": "always()",
    "initCondition": "always()"
  },
  "deprecated": null
}
[2021-05-28 08:05:33Z INFO ActionManager] Action pre node.js file: N/A.
[2021-05-28 08:05:33Z INFO ActionManager] Action node.js file: dist/index.js.
[2021-05-28 08:05:33Z INFO ActionManager] Action post node.js file: dist/index.js.
[2021-05-28 08:05:34Z INFO ExecutionContext] Reserve record order 5 to 8 for post job actions.
[2021-05-28 08:05:34Z INFO HostContext] Well known directory 'Bin': '/home/cloud_user/actions-runner/bin'
[2021-05-28 08:05:34Z INFO HostContext] Well known directory 'Root': '/home/cloud_user/actions-runner'
[2021-05-28 08:05:34Z INFO HostContext] Well known directory 'Diag': '/home/cloud_user/actions-runner/_diag'
[2021-05-28 08:05:34Z INFO HostContext] Well known directory 'Bin': '/home/cloud_user/actions-runner/bin'
[2021-05-28 08:05:34Z INFO HostContext] Well known directory 'Root': '/home/cloud_user/actions-runner'
[2021-05-28 08:05:34Z INFO HostContext] Well known directory 'Work': '/home/cloud_user/actions-runner/_work'
[2021-05-28 08:05:34Z INFO HostContext] Well known directory 'Temp': '/home/cloud_user/actions-runner/_work/_temp'
[2021-05-28 08:05:34Z INFO ActionRunner] Write event payload to /home/cloud_user/actions-runner/_work/_temp/_github_workflow/event.json
[2021-05-28 08:05:34Z INFO HostContext] Well known directory 'Bin': '/home/cloud_user/actions-runner/bin'
[2021-05-28 08:05:34Z INFO HostContext] Well known directory 'Root': '/home/cloud_user/actions-runner'
[2021-05-28 08:05:34Z INFO HostContext] Well known directory 'Work': '/home/cloud_user/actions-runner/_work'
[2021-05-28 08:05:34Z INFO HostContext] Well known directory 'Temp': '/home/cloud_user/actions-runner/_work/_temp'
[2021-05-28 08:05:34Z INFO ExtensionManager] Getting extensions for interface: 'GitHub.Runner.Worker.IFileCommandExtension'
[2021-05-28 08:05:34Z INFO ExtensionManager] Creating instance: GitHub.Runner.Worker.AddPathFileCommand, Runner.Worker
[2021-05-28 08:05:34Z INFO ExtensionManager] Creating instance: GitHub.Runner.Worker.SetEnvFileCommand, Runner.Worker
[2021-05-28 08:05:34Z INFO ActionManifestManager] Input 'repository': default value evaluate result: {
  "type": 0,
  "file": 2,
  "line": 6,
  "col": 14,
  "lit": "govindarajanv/ruby"
}
[2021-05-28 08:05:34Z INFO ActionManifestManager] Input 'ref': default value evaluate result: ""
[2021-05-28 08:05:34Z INFO ActionManifestManager] Input 'token': default value evaluate result: {
  "type": 0,
  "file": 2,
  "line": 24,
  "col": 14,
  "lit": "***"
}
[2021-05-28 08:05:34Z INFO ActionManifestManager] Input 'ssh-key': default value evaluate result: ""
[2021-05-28 08:05:34Z INFO ActionManifestManager] Input 'ssh-known-hosts': default value evaluate result: ""
[2021-05-28 08:05:34Z INFO ActionManifestManager] Input 'ssh-strict': default value evaluate result: {
  "type": 0,
  "file": 2,
  "line": 47,
  "col": 14,
  "lit": "true"
}
[2021-05-28 08:05:34Z INFO ActionManifestManager] Input 'persist-credentials': default value evaluate result: {
  "type": 0,
  "file": 2,
  "line": 50,
  "col": 14,
  "lit": "true"
}
[2021-05-28 08:05:34Z INFO ActionManifestManager] Input 'path': default value evaluate result: ""
[2021-05-28 08:05:34Z INFO ActionManifestManager] Input 'clean': default value evaluate result: {
  "type": 0,
  "file": 2,
  "line": 55,
  "col": 14,
  "lit": "true"
}
[2021-05-28 08:05:34Z INFO ActionManifestManager] Input 'fetch-depth': default value evaluate result: {
  "type": 0,
  "file": 2,
  "line": 58,
  "col": 14,
  "lit": "1"
}
[2021-05-28 08:05:34Z INFO ActionManifestManager] Input 'lfs': default value evaluate result: {
  "type": 0,
  "file": 2,
  "line": 61,
  "col": 14,
  "lit": "false"
}
[2021-05-28 08:05:34Z INFO ActionManifestManager] Input 'submodules': default value evaluate result: {
  "type": 0,
  "file": 2,
  "line": 70,
  "col": 14,
  "lit": "false"
}
[2021-05-28 08:05:34Z INFO ExtensionManager] Getting extensions for interface: 'GitHub.Runner.Worker.IActionCommandExtension'
[2021-05-28 08:05:34Z INFO ExtensionManager] Creating instance: GitHub.Runner.Worker.InternalPluginSetRepoPathCommandExtension, Runner.Worker
[2021-05-28 08:05:34Z INFO ExtensionManager] Creating instance: GitHub.Runner.Worker.SetEnvCommandExtension, Runner.Worker
[2021-05-28 08:05:34Z INFO ExtensionManager] Creating instance: GitHub.Runner.Worker.SetOutputCommandExtension, Runner.Worker
[2021-05-28 08:05:34Z INFO ExtensionManager] Creating instance: GitHub.Runner.Worker.SaveStateCommandExtension, Runner.Worker
[2021-05-28 08:05:34Z INFO ExtensionManager] Creating instance: GitHub.Runner.Worker.AddPathCommandExtension, Runner.Worker
[2021-05-28 08:05:34Z INFO ExtensionManager] Creating instance: GitHub.Runner.Worker.AddMaskCommandExtension, Runner.Worker
[2021-05-28 08:05:34Z INFO ExtensionManager] Creating instance: GitHub.Runner.Worker.AddMatcherCommandExtension, Runner.Worker
[2021-05-28 08:05:34Z INFO ExtensionManager] Creating instance: GitHub.Runner.Worker.RemoveMatcherCommandExtension, Runner.Worker
[2021-05-28 08:05:34Z INFO ExtensionManager] Creating instance: GitHub.Runner.Worker.WarningCommandExtension, Runner.Worker
[2021-05-28 08:05:34Z INFO ExtensionManager] Creating instance: GitHub.Runner.Worker.ErrorCommandExtension, Runner.Worker
[2021-05-28 08:05:34Z INFO ExtensionManager] Creating instance: GitHub.Runner.Worker.DebugCommandExtension, Runner.Worker
[2021-05-28 08:05:34Z INFO ExtensionManager] Creating instance: GitHub.Runner.Worker.GroupCommandExtension, Runner.Worker
[2021-05-28 08:05:34Z INFO ExtensionManager] Creating instance: GitHub.Runner.Worker.EndGroupCommandExtension, Runner.Worker
[2021-05-28 08:05:34Z INFO ExtensionManager] Creating instance: GitHub.Runner.Worker.EchoCommandExtension, Runner.Worker
[2021-05-28 08:05:34Z INFO ActionCommandManager] Register action command extension for command internal-set-repo-path
[2021-05-28 08:05:34Z INFO ActionCommandManager] Register action command extension for command set-env
[2021-05-28 08:05:34Z INFO ActionCommandManager] Register action command extension for command set-output
[2021-05-28 08:05:34Z INFO ActionCommandManager] Register action command extension for command save-state
[2021-05-28 08:05:34Z INFO ActionCommandManager] Register action command extension for command add-path
[2021-05-28 08:05:34Z INFO ActionCommandManager] Register action command extension for command add-mask
[2021-05-28 08:05:34Z INFO ActionCommandManager] Register action command extension for command add-matcher
[2021-05-28 08:05:34Z INFO ActionCommandManager] Register action command extension for command remove-matcher
[2021-05-28 08:05:34Z INFO ActionCommandManager] Register action command extension for command warning
[2021-05-28 08:05:34Z INFO ActionCommandManager] Register action command extension for command error
[2021-05-28 08:05:34Z INFO ActionCommandManager] Register action command extension for command debug
[2021-05-28 08:05:34Z INFO ActionCommandManager] Register action command extension for command group
[2021-05-28 08:05:34Z INFO ActionCommandManager] Register action command extension for command endgroup
[2021-05-28 08:05:34Z INFO ActionCommandManager] Register action command extension for command echo
[2021-05-28 08:05:34Z INFO HostContext] Well known directory 'Bin': '/home/cloud_user/actions-runner/bin'
[2021-05-28 08:05:34Z INFO HostContext] Well known directory 'Root': '/home/cloud_user/actions-runner'
[2021-05-28 08:05:34Z INFO HostContext] Well known directory 'Externals': '/home/cloud_user/actions-runner/externals'
[2021-05-28 08:05:34Z INFO ProcessInvokerWrapper] Starting process:
[2021-05-28 08:05:34Z INFO ProcessInvokerWrapper]   File name: '/home/cloud_user/actions-runner/externals/node12/bin/node'
[2021-05-28 08:05:34Z INFO ProcessInvokerWrapper]   Arguments: '"/home/cloud_user/actions-runner/_work/_actions/actions/checkout/v2/dist/index.js"'
[2021-05-28 08:05:34Z INFO ProcessInvokerWrapper]   Working directory: '/home/cloud_user/actions-runner/_work/ruby/ruby'
[2021-05-28 08:05:34Z INFO ProcessInvokerWrapper]   Require exit code zero: 'False'
[2021-05-28 08:05:34Z INFO ProcessInvokerWrapper]   Encoding web name:  ; code page: ''
[2021-05-28 08:05:34Z INFO ProcessInvokerWrapper]   Force kill process on cancellation: 'False'
[2021-05-28 08:05:34Z INFO ProcessInvokerWrapper]   Redirected STDIN: 'False'
[2021-05-28 08:05:34Z INFO ProcessInvokerWrapper]   Persist current code page: 'False'
[2021-05-28 08:05:34Z INFO ProcessInvokerWrapper]   Keep redirected STDIN open: 'False'
[2021-05-28 08:05:34Z INFO ProcessInvokerWrapper]   High priority process: 'False'
[2021-05-28 08:05:34Z INFO ProcessInvokerWrapper] Updated oom_score_adj to 500 for PID: 3982.
[2021-05-28 08:05:34Z INFO ProcessInvokerWrapper] Process started with process id 3982, waiting for process exit.
[2021-05-28 08:05:34Z INFO ProcessInvokerWrapper] STDOUT/STDERR stream read finished.
[2021-05-28 08:05:34Z INFO ProcessInvokerWrapper] STDOUT/STDERR stream read finished.
[2021-05-28 08:05:34Z INFO ProcessInvokerWrapper] Finished process 3982 with exit code 0, and elapsed time 00:00:00.8908358.
[2021-05-28 08:05:34Z INFO StepsRunner] Step result: 
[2021-05-28 08:05:34Z INFO StepsRunner] No need for updating job result with current step result 'Succeeded'.
[2021-05-28 08:05:34Z INFO StepsRunner] Current state: job state = ''
[2021-05-28 08:05:34Z INFO StepsRunner] Processing step: DisplayName='Run a one-line script'
[2021-05-28 08:05:34Z INFO StepsRunner] Initialize Env context for step
[2021-05-28 08:05:34Z INFO StepsRunner] Evaluating: success()
[2021-05-28 08:05:34Z INFO StepsRunner] Result: true
[2021-05-28 08:05:34Z INFO StepsRunner] Starting the step.
[2021-05-28 08:05:34Z INFO HostContext] Well known directory 'Bin': '/home/cloud_user/actions-runner/bin'
[2021-05-28 08:05:34Z INFO HostContext] Well known directory 'Root': '/home/cloud_user/actions-runner'
[2021-05-28 08:05:34Z INFO HostContext] Well known directory 'Work': '/home/cloud_user/actions-runner/_work'
[2021-05-28 08:05:34Z INFO HostContext] Well known directory 'Temp': '/home/cloud_user/actions-runner/_work/_temp'
[2021-05-28 08:05:34Z INFO ActionRunner] Write event payload to /home/cloud_user/actions-runner/_work/_temp/_github_workflow/event.json
[2021-05-28 08:05:34Z INFO HostContext] Well known directory 'Bin': '/home/cloud_user/actions-runner/bin'
[2021-05-28 08:05:34Z INFO HostContext] Well known directory 'Root': '/home/cloud_user/actions-runner'
[2021-05-28 08:05:34Z INFO HostContext] Well known directory 'Work': '/home/cloud_user/actions-runner/_work'
[2021-05-28 08:05:34Z INFO HostContext] Well known directory 'Temp': '/home/cloud_user/actions-runner/_work/_temp'
[2021-05-28 08:05:34Z INFO ExtensionManager] Getting extensions for interface: 'GitHub.Runner.Worker.IFileCommandExtension'
[2021-05-28 08:05:34Z INFO ExtensionManager] Getting extensions for interface: 'GitHub.Runner.Worker.IActionCommandExtension'
[2021-05-28 08:05:34Z INFO ActionCommandManager] Register action command extension for command internal-set-repo-path
[2021-05-28 08:05:34Z INFO ActionCommandManager] Register action command extension for command set-env
[2021-05-28 08:05:34Z INFO ActionCommandManager] Register action command extension for command set-output
[2021-05-28 08:05:34Z INFO ActionCommandManager] Register action command extension for command save-state
[2021-05-28 08:05:34Z INFO ActionCommandManager] Register action command extension for command add-path
[2021-05-28 08:05:34Z INFO ActionCommandManager] Register action command extension for command add-mask
[2021-05-28 08:05:34Z INFO ActionCommandManager] Register action command extension for command add-matcher
[2021-05-28 08:05:34Z INFO ActionCommandManager] Register action command extension for command remove-matcher
[2021-05-28 08:05:34Z INFO ActionCommandManager] Register action command extension for command warning
[2021-05-28 08:05:34Z INFO ActionCommandManager] Register action command extension for command error
[2021-05-28 08:05:34Z INFO ActionCommandManager] Register action command extension for command debug
[2021-05-28 08:05:34Z INFO ActionCommandManager] Register action command extension for command group
[2021-05-28 08:05:34Z INFO ActionCommandManager] Register action command extension for command endgroup
[2021-05-28 08:05:34Z INFO ActionCommandManager] Register action command extension for command echo
[2021-05-28 08:05:34Z INFO ScriptHandler] Which: 'bash'
[2021-05-28 08:05:34Z INFO ScriptHandler] Location: '/bin/bash'
[2021-05-28 08:05:34Z INFO HostContext] Well known directory 'Bin': '/home/cloud_user/actions-runner/bin'
[2021-05-28 08:05:34Z INFO HostContext] Well known directory 'Root': '/home/cloud_user/actions-runner'
[2021-05-28 08:05:34Z INFO HostContext] Well known directory 'Work': '/home/cloud_user/actions-runner/_work'
[2021-05-28 08:05:34Z INFO HostContext] Well known directory 'Temp': '/home/cloud_user/actions-runner/_work/_temp'
[2021-05-28 08:05:34Z INFO ScriptHandler] Which: 'bash'
[2021-05-28 08:05:34Z INFO ScriptHandler] Location: '/bin/bash'
[2021-05-28 08:05:34Z INFO ProcessInvokerWrapper] Starting process:
[2021-05-28 08:05:34Z INFO ProcessInvokerWrapper]   File name: '/bin/bash'
[2021-05-28 08:05:34Z INFO ProcessInvokerWrapper]   Arguments: '-e /home/cloud_user/actions-runner/_work/_temp/51b8ae6b-80a2-462c-84f4-706bec235fa2.sh'
[2021-05-28 08:05:34Z INFO ProcessInvokerWrapper]   Working directory: '/home/cloud_user/actions-runner/_work/ruby/ruby'
[2021-05-28 08:05:34Z INFO ProcessInvokerWrapper]   Require exit code zero: 'False'
[2021-05-28 08:05:34Z INFO ProcessInvokerWrapper]   Encoding web name:  ; code page: ''
[2021-05-28 08:05:34Z INFO ProcessInvokerWrapper]   Force kill process on cancellation: 'False'
[2021-05-28 08:05:34Z INFO ProcessInvokerWrapper]   Redirected STDIN: 'False'
[2021-05-28 08:05:34Z INFO ProcessInvokerWrapper]   Persist current code page: 'False'
[2021-05-28 08:05:34Z INFO ProcessInvokerWrapper]   Keep redirected STDIN open: 'False'
[2021-05-28 08:05:34Z INFO ProcessInvokerWrapper]   High priority process: 'False'
[2021-05-28 08:05:34Z INFO ProcessInvokerWrapper] Updated oom_score_adj to 500 for PID: 4004.
[2021-05-28 08:05:34Z INFO ProcessInvokerWrapper] Process started with process id 4004, waiting for process exit.
[2021-05-28 08:05:34Z INFO ProcessInvokerWrapper] STDOUT/STDERR stream read finished.
[2021-05-28 08:05:34Z INFO ProcessInvokerWrapper] STDOUT/STDERR stream read finished.
[2021-05-28 08:05:34Z INFO ProcessInvokerWrapper] Finished process 4004 with exit code 0, and elapsed time 00:00:00.0024768.
[2021-05-28 08:05:34Z INFO StepsRunner] Step result: 
[2021-05-28 08:05:34Z INFO StepsRunner] No need for updating job result with current step result 'Succeeded'.
[2021-05-28 08:05:34Z INFO StepsRunner] Current state: job state = ''
[2021-05-28 08:05:34Z INFO StepsRunner] Processing step: DisplayName='Run a multi-line script'
[2021-05-28 08:05:34Z INFO StepsRunner] Initialize Env context for step
[2021-05-28 08:05:34Z INFO StepsRunner] Evaluating: success()
[2021-05-28 08:05:34Z INFO StepsRunner] Result: true
[2021-05-28 08:05:34Z INFO StepsRunner] Starting the step.
[2021-05-28 08:05:34Z INFO HostContext] Well known directory 'Bin': '/home/cloud_user/actions-runner/bin'
[2021-05-28 08:05:34Z INFO HostContext] Well known directory 'Root': '/home/cloud_user/actions-runner'
[2021-05-28 08:05:34Z INFO HostContext] Well known directory 'Work': '/home/cloud_user/actions-runner/_work'
[2021-05-28 08:05:34Z INFO HostContext] Well known directory 'Temp': '/home/cloud_user/actions-runner/_work/_temp'
[2021-05-28 08:05:34Z INFO ActionRunner] Write event payload to /home/cloud_user/actions-runner/_work/_temp/_github_workflow/event.json
[2021-05-28 08:05:34Z INFO HostContext] Well known directory 'Bin': '/home/cloud_user/actions-runner/bin'
[2021-05-28 08:05:34Z INFO HostContext] Well known directory 'Root': '/home/cloud_user/actions-runner'
[2021-05-28 08:05:34Z INFO HostContext] Well known directory 'Work': '/home/cloud_user/actions-runner/_work'
[2021-05-28 08:05:34Z INFO HostContext] Well known directory 'Temp': '/home/cloud_user/actions-runner/_work/_temp'
[2021-05-28 08:05:34Z INFO ExtensionManager] Getting extensions for interface: 'GitHub.Runner.Worker.IFileCommandExtension'
[2021-05-28 08:05:34Z INFO ExtensionManager] Getting extensions for interface: 'GitHub.Runner.Worker.IActionCommandExtension'
[2021-05-28 08:05:34Z INFO ActionCommandManager] Register action command extension for command internal-set-repo-path
[2021-05-28 08:05:34Z INFO ActionCommandManager] Register action command extension for command set-env
[2021-05-28 08:05:34Z INFO JobServerQueue] Try to append 1 batches web console lines for record 'e4b38c0f-6035-56ec-f78c-2cac0ce98d59', success rate: 1/1.
[2021-05-28 08:05:34Z INFO ActionCommandManager] Register action command extension for command set-output
[2021-05-28 08:05:34Z INFO ActionCommandManager] Register action command extension for command save-state
[2021-05-28 08:05:34Z INFO ActionCommandManager] Register action command extension for command add-path
[2021-05-28 08:05:34Z INFO ActionCommandManager] Register action command extension for command add-mask
[2021-05-28 08:05:34Z INFO ActionCommandManager] Register action command extension for command add-matcher
[2021-05-28 08:05:34Z INFO ActionCommandManager] Register action command extension for command remove-matcher
[2021-05-28 08:05:34Z INFO ActionCommandManager] Register action command extension for command warning
[2021-05-28 08:05:34Z INFO ActionCommandManager] Register action command extension for command error
[2021-05-28 08:05:34Z INFO ActionCommandManager] Register action command extension for command debug
[2021-05-28 08:05:34Z INFO ActionCommandManager] Register action command extension for command group
[2021-05-28 08:05:34Z INFO ActionCommandManager] Register action command extension for command endgroup
[2021-05-28 08:05:34Z INFO ActionCommandManager] Register action command extension for command echo
[2021-05-28 08:05:34Z INFO ScriptHandler] Which: 'bash'
[2021-05-28 08:05:34Z INFO ScriptHandler] Location: '/bin/bash'
[2021-05-28 08:05:34Z INFO HostContext] Well known directory 'Bin': '/home/cloud_user/actions-runner/bin'
[2021-05-28 08:05:34Z INFO HostContext] Well known directory 'Root': '/home/cloud_user/actions-runner'
[2021-05-28 08:05:34Z INFO HostContext] Well known directory 'Work': '/home/cloud_user/actions-runner/_work'
[2021-05-28 08:05:34Z INFO HostContext] Well known directory 'Temp': '/home/cloud_user/actions-runner/_work/_temp'
[2021-05-28 08:05:34Z INFO ScriptHandler] Which: 'bash'
[2021-05-28 08:05:34Z INFO ScriptHandler] Location: '/bin/bash'
[2021-05-28 08:05:34Z INFO ProcessInvokerWrapper] Starting process:
[2021-05-28 08:05:34Z INFO ProcessInvokerWrapper]   File name: '/bin/bash'
[2021-05-28 08:05:34Z INFO ProcessInvokerWrapper]   Arguments: '-e /home/cloud_user/actions-runner/_work/_temp/c165cf08-b002-4db5-9b74-40319235d203.sh'
[2021-05-28 08:05:34Z INFO ProcessInvokerWrapper]   Working directory: '/home/cloud_user/actions-runner/_work/ruby/ruby'
[2021-05-28 08:05:34Z INFO ProcessInvokerWrapper]   Require exit code zero: 'False'
[2021-05-28 08:05:34Z INFO ProcessInvokerWrapper]   Encoding web name:  ; code page: ''
[2021-05-28 08:05:34Z INFO ProcessInvokerWrapper]   Force kill process on cancellation: 'False'
[2021-05-28 08:05:34Z INFO ProcessInvokerWrapper]   Redirected STDIN: 'False'
[2021-05-28 08:05:34Z INFO ProcessInvokerWrapper]   Persist current code page: 'False'
[2021-05-28 08:05:34Z INFO ProcessInvokerWrapper]   Keep redirected STDIN open: 'False'
[2021-05-28 08:05:34Z INFO ProcessInvokerWrapper]   High priority process: 'False'
[2021-05-28 08:05:34Z INFO ProcessInvokerWrapper] Updated oom_score_adj to 500 for PID: 4005.
[2021-05-28 08:05:34Z INFO ProcessInvokerWrapper] Process started with process id 4005, waiting for process exit.
[2021-05-28 08:05:34Z INFO ProcessInvokerWrapper] STDOUT/STDERR stream read finished.
[2021-05-28 08:05:34Z INFO ProcessInvokerWrapper] STDOUT/STDERR stream read finished.
[2021-05-28 08:05:34Z INFO ProcessInvokerWrapper] Finished process 4005 with exit code 0, and elapsed time 00:00:00.0024541.
[2021-05-28 08:05:34Z INFO StepsRunner] Step result: 
[2021-05-28 08:05:34Z INFO StepsRunner] No need for updating job result with current step result 'Succeeded'.
[2021-05-28 08:05:34Z INFO StepsRunner] Current state: job state = ''
[2021-05-28 08:05:34Z INFO StepsRunner] Processing step: DisplayName='Post Run actions/checkout@v2'
[2021-05-28 08:05:34Z INFO StepsRunner] Initialize Env context for step
[2021-05-28 08:05:34Z INFO StepsRunner] Evaluating: always()
[2021-05-28 08:05:34Z INFO StepsRunner] Result: true
[2021-05-28 08:05:34Z INFO StepsRunner] Starting the step.
[2021-05-28 08:05:34Z INFO HostContext] Well known directory 'Bin': '/home/cloud_user/actions-runner/bin'
[2021-05-28 08:05:34Z INFO HostContext] Well known directory 'Root': '/home/cloud_user/actions-runner'
[2021-05-28 08:05:34Z INFO HostContext] Well known directory 'Work': '/home/cloud_user/actions-runner/_work'
[2021-05-28 08:05:34Z INFO HostContext] Well known directory 'Actions': '/home/cloud_user/actions-runner/_work/_actions'
[2021-05-28 08:05:34Z INFO ActionManager] Load action that reference repository from '/home/cloud_user/actions-runner/_work/_actions/actions/checkout/v2'
[2021-05-28 08:05:34Z INFO HostContext] Well known directory 'Bin': '/home/cloud_user/actions-runner/bin'
[2021-05-28 08:05:34Z INFO HostContext] Well known directory 'Root': '/home/cloud_user/actions-runner'
[2021-05-28 08:05:34Z INFO HostContext] Well known directory 'Work': '/home/cloud_user/actions-runner/_work'
[2021-05-28 08:05:34Z INFO HostContext] Well known directory 'Actions': '/home/cloud_user/actions-runner/_work/_actions'
[2021-05-28 08:05:34Z INFO ActionManifestManager] Loaded action.yml file: {
  "name": "Checkout",
  "description": "Checkout a Git repository at a particular version",
  "inputs": {
    "type": 2,
    "map": [
      {
        "key": {
          "type": 0,
          "file": 2,
          "line": 4,
          "col": 3,
          "lit": "repository"
        },
        "value": {
          "type": 3,
          "file": 2,
          "line": 6,
          "col": 14,
          "expr": "github.repository"
        }
      },
      {
        "key": {
          "type": 0,
          "file": 2,
          "line": 7,
          "col": 3,
          "lit": "ref"
        },
        "value": ""
      },
      {
        "key": {
          "type": 0,
          "file": 2,
          "line": 12,
          "col": 3,
          "lit": "token"
        },
        "value": {
          "type": 3,
          "file": 2,
          "line": 24,
          "col": 14,
          "expr": "github.token"
        }
      },
      {
        "key": {
          "type": 0,
          "file": 2,
          "line": 25,
          "col": 3,
          "lit": "ssh-key"
        },
        "value": ""
      },
      {
        "key": {
          "type": 0,
          "file": 2,
          "line": 37,
          "col": 3,
          "lit": "ssh-known-hosts"
        },
        "value": ""
      },
      {
        "key": {
          "type": 0,
          "file": 2,
          "line": 42,
          "col": 3,
          "lit": "ssh-strict"
        },
        "value": {
          "type": 0,
          "file": 2,
          "line": 47,
          "col": 14,
          "lit": "true"
        }
      },
      {
        "key": {
          "type": 0,
          "file": 2,
          "line": 48,
          "col": 3,
          "lit": "persist-credentials"
        },
        "value": {
          "type": 0,
          "file": 2,
          "line": 50,
          "col": 14,
          "lit": "true"
        }
      },
      {
        "key": {
          "type": 0,
          "file": 2,
          "line": 51,
          "col": 3,
          "lit": "path"
        },
        "value": ""
      },
      {
        "key": {
          "type": 0,
          "file": 2,
          "line": 53,
          "col": 3,
          "lit": "clean"
        },
        "value": {
          "type": 0,
          "file": 2,
          "line": 55,
          "col": 14,
          "lit": "true"
        }
      },
      {
        "key": {
          "type": 0,
          "file": 2,
          "line": 56,
          "col": 3,
          "lit": "fetch-depth"
        },
        "value": {
          "type": 0,
          "file": 2,
          "line": 58,
          "col": 14,
          "lit": "1"
        }
      },
      {
        "key": {
          "type": 0,
          "file": 2,
          "line": 59,
          "col": 3,
          "lit": "lfs"
        },
        "value": {
          "type": 0,
          "file": 2,
          "line": 61,
          "col": 14,
          "lit": "false"
        }
      },
      {
        "key": {
          "type": 0,
          "file": 2,
          "line": 62,
          "col": 3,
          "lit": "submodules"
        },
        "value": {
          "type": 0,
          "file": 2,
          "line": 70,
          "col": 14,
          "lit": "false"
        }
      }
    ]
  },
  "execution": {
    "executionType": "nodeJS",
    "hasPre": false,
    "hasPost": true,
    "script": "dist/index.js",
    "pre": null,
    "post": "dist/index.js",
    "cleanupCondition": "always()",
    "initCondition": "always()"
  },
  "deprecated": null
}
[2021-05-28 08:05:34Z INFO ActionManager] Action pre node.js file: N/A.
[2021-05-28 08:05:34Z INFO ActionManager] Action node.js file: dist/index.js.
[2021-05-28 08:05:34Z INFO ActionManager] Action post node.js file: dist/index.js.
[2021-05-28 08:05:34Z INFO HostContext] Well known directory 'Bin': '/home/cloud_user/actions-runner/bin'
[2021-05-28 08:05:34Z INFO HostContext] Well known directory 'Root': '/home/cloud_user/actions-runner'
[2021-05-28 08:05:34Z INFO HostContext] Well known directory 'Work': '/home/cloud_user/actions-runner/_work'
[2021-05-28 08:05:34Z INFO HostContext] Well known directory 'Temp': '/home/cloud_user/actions-runner/_work/_temp'
[2021-05-28 08:05:34Z INFO ActionRunner] Write event payload to /home/cloud_user/actions-runner/_work/_temp/_github_workflow/event.json
[2021-05-28 08:05:34Z INFO HostContext] Well known directory 'Bin': '/home/cloud_user/actions-runner/bin'
[2021-05-28 08:05:34Z INFO HostContext] Well known directory 'Root': '/home/cloud_user/actions-runner'
[2021-05-28 08:05:34Z INFO HostContext] Well known directory 'Work': '/home/cloud_user/actions-runner/_work'
[2021-05-28 08:05:34Z INFO HostContext] Well known directory 'Temp': '/home/cloud_user/actions-runner/_work/_temp'
[2021-05-28 08:05:34Z INFO ExtensionManager] Getting extensions for interface: 'GitHub.Runner.Worker.IFileCommandExtension'
[2021-05-28 08:05:34Z INFO ActionManifestManager] Input 'repository': default value evaluate result: {
  "type": 0,
  "file": 2,
  "line": 6,
  "col": 14,
  "lit": "govindarajanv/ruby"
}
[2021-05-28 08:05:34Z INFO ActionManifestManager] Input 'ref': default value evaluate result: ""
[2021-05-28 08:05:34Z INFO ActionManifestManager] Input 'token': default value evaluate result: {
  "type": 0,
  "file": 2,
  "line": 24,
  "col": 14,
  "lit": "***"
}
[2021-05-28 08:05:34Z INFO ActionManifestManager] Input 'ssh-key': default value evaluate result: ""
[2021-05-28 08:05:34Z INFO ActionManifestManager] Input 'ssh-known-hosts': default value evaluate result: ""
[2021-05-28 08:05:34Z INFO ActionManifestManager] Input 'ssh-strict': default value evaluate result: {
  "type": 0,
  "file": 2,
  "line": 47,
  "col": 14,
  "lit": "true"
}
[2021-05-28 08:05:34Z INFO ActionManifestManager] Input 'persist-credentials': default value evaluate result: {
  "type": 0,
  "file": 2,
  "line": 50,
  "col": 14,
  "lit": "true"
}
[2021-05-28 08:05:34Z INFO ActionManifestManager] Input 'path': default value evaluate result: ""
[2021-05-28 08:05:34Z INFO ActionManifestManager] Input 'clean': default value evaluate result: {
  "type": 0,
  "file": 2,
  "line": 55,
  "col": 14,
  "lit": "true"
}
[2021-05-28 08:05:34Z INFO ActionManifestManager] Input 'fetch-depth': default value evaluate result: {
  "type": 0,
  "file": 2,
  "line": 58,
  "col": 14,
  "lit": "1"
}
[2021-05-28 08:05:34Z INFO ActionManifestManager] Input 'lfs': default value evaluate result: {
  "type": 0,
  "file": 2,
  "line": 61,
  "col": 14,
  "lit": "false"
}
[2021-05-28 08:05:34Z INFO ActionManifestManager] Input 'submodules': default value evaluate result: {
  "type": 0,
  "file": 2,
  "line": 70,
  "col": 14,
  "lit": "false"
}
[2021-05-28 08:05:34Z INFO ExtensionManager] Getting extensions for interface: 'GitHub.Runner.Worker.IActionCommandExtension'
[2021-05-28 08:05:34Z INFO ActionCommandManager] Register action command extension for command internal-set-repo-path
[2021-05-28 08:05:34Z INFO ActionCommandManager] Register action command extension for command set-env
[2021-05-28 08:05:34Z INFO ActionCommandManager] Register action command extension for command set-output
[2021-05-28 08:05:34Z INFO ActionCommandManager] Register action command extension for command save-state
[2021-05-28 08:05:34Z INFO ActionCommandManager] Register action command extension for command add-path
[2021-05-28 08:05:34Z INFO ActionCommandManager] Register action command extension for command add-mask
[2021-05-28 08:05:34Z INFO ActionCommandManager] Register action command extension for command add-matcher
[2021-05-28 08:05:34Z INFO ActionCommandManager] Register action command extension for command remove-matcher
[2021-05-28 08:05:34Z INFO ActionCommandManager] Register action command extension for command warning
[2021-05-28 08:05:34Z INFO ActionCommandManager] Register action command extension for command error
[2021-05-28 08:05:34Z INFO ActionCommandManager] Register action command extension for command debug
[2021-05-28 08:05:34Z INFO ActionCommandManager] Register action command extension for command group
[2021-05-28 08:05:34Z INFO ActionCommandManager] Register action command extension for command endgroup
[2021-05-28 08:05:34Z INFO ActionCommandManager] Register action command extension for command echo
[2021-05-28 08:05:34Z INFO HostContext] Well known directory 'Bin': '/home/cloud_user/actions-runner/bin'
[2021-05-28 08:05:34Z INFO HostContext] Well known directory 'Root': '/home/cloud_user/actions-runner'
[2021-05-28 08:05:34Z INFO HostContext] Well known directory 'Externals': '/home/cloud_user/actions-runner/externals'
[2021-05-28 08:05:34Z INFO ProcessInvokerWrapper] Starting process:
[2021-05-28 08:05:34Z INFO ProcessInvokerWrapper]   File name: '/home/cloud_user/actions-runner/externals/node12/bin/node'
[2021-05-28 08:05:34Z INFO ProcessInvokerWrapper]   Arguments: '"/home/cloud_user/actions-runner/_work/_actions/actions/checkout/v2/dist/index.js"'
[2021-05-28 08:05:34Z INFO ProcessInvokerWrapper]   Working directory: '/home/cloud_user/actions-runner/_work/ruby/ruby'
[2021-05-28 08:05:34Z INFO ProcessInvokerWrapper]   Require exit code zero: 'False'
[2021-05-28 08:05:34Z INFO ProcessInvokerWrapper]   Encoding web name:  ; code page: ''
[2021-05-28 08:05:34Z INFO ProcessInvokerWrapper]   Force kill process on cancellation: 'False'
[2021-05-28 08:05:34Z INFO ProcessInvokerWrapper]   Redirected STDIN: 'False'
[2021-05-28 08:05:34Z INFO ProcessInvokerWrapper]   Persist current code page: 'False'
[2021-05-28 08:05:34Z INFO ProcessInvokerWrapper]   Keep redirected STDIN open: 'False'
[2021-05-28 08:05:34Z INFO ProcessInvokerWrapper]   High priority process: 'False'
[2021-05-28 08:05:34Z INFO ProcessInvokerWrapper] Updated oom_score_adj to 500 for PID: 4006.
[2021-05-28 08:05:34Z INFO ProcessInvokerWrapper] Process started with process id 4006, waiting for process exit.
[2021-05-28 08:05:35Z INFO ProcessInvokerWrapper] STDOUT/STDERR stream read finished.
[2021-05-28 08:05:35Z INFO ProcessInvokerWrapper] STDOUT/STDERR stream read finished.
[2021-05-28 08:05:35Z INFO ProcessInvokerWrapper] Finished process 4006 with exit code 0, and elapsed time 00:00:00.1251587.
[2021-05-28 08:05:35Z INFO StepsRunner] Step result: 
[2021-05-28 08:05:35Z INFO StepsRunner] No need for updating job result with current step result 'Succeeded'.
[2021-05-28 08:05:35Z INFO StepsRunner] Current state: job state = ''
[2021-05-28 08:05:35Z INFO JobRunner] Finalize job.
[2021-05-28 08:05:35Z INFO HostContext] Well known directory 'Bin': '/home/cloud_user/actions-runner/bin'
[2021-05-28 08:05:35Z INFO HostContext] Well known directory 'Root': '/home/cloud_user/actions-runner'
[2021-05-28 08:05:35Z INFO HostContext] Well known directory 'Diag': '/home/cloud_user/actions-runner/_diag'
[2021-05-28 08:05:35Z INFO JobExtension] Initialize Env context
[2021-05-28 08:05:35Z INFO JobExtension] Initialize steps context
[2021-05-28 08:05:35Z INFO JobExtension] Total accessible running process: 193.
[2021-05-28 08:05:35Z INFO JobRunner] Job result after all job steps finish: Succeeded
[2021-05-28 08:05:35Z INFO JobRunner] Completing the job execution context.
[2021-05-28 08:05:35Z INFO JobRunner] Shutting down the job server queue.
[2021-05-28 08:05:35Z INFO JobServerQueue] Fire signal to shutdown all queues.
[2021-05-28 08:05:35Z INFO JobServerQueue] Try to upload 1 log files or attachments, success rate: 1/1.
[2021-05-28 08:05:36Z INFO JobServerQueue] All queue process task stopped.
[2021-05-28 08:05:36Z INFO JobServerQueue] Try to append 1 batches web console lines for record 'e4b38c0f-6035-56ec-f78c-2cac0ce98d59', success rate: 1/1.
[2021-05-28 08:05:36Z INFO JobServerQueue] Try to append 1 batches web console lines for record '26f1c419-bc2c-554c-71b6-9aa612d1c993', success rate: 1/1.
[2021-05-28 08:05:36Z INFO JobServerQueue] Try to append 1 batches web console lines for record '64195e42-44eb-5e07-91ab-2f7354f198e9', success rate: 1/1.
[2021-05-28 08:05:37Z INFO JobServerQueue] Try to append 1 batches web console lines for record '62434a7a-a0fe-4532-88fb-e21cca5b1b33', success rate: 1/1.
[2021-05-28 08:05:37Z INFO JobServerQueue] Try to append 1 batches web console lines for record 'eb2e67a8-3ae8-4868-a6cd-601d71bbf452', success rate: 1/1.
[2021-05-28 08:05:37Z INFO JobServerQueue] Web console line queue drained.
[2021-05-28 08:05:37Z INFO JobServerQueue] Uploading 6 files in one shot.
[2021-05-28 08:05:40Z INFO JobServerQueue] Try to upload 6 log files or attachments, success rate: 6/6.
[2021-05-28 08:05:40Z INFO JobServerQueue] File upload queue drained.
[2021-05-28 08:05:40Z INFO JobServerQueue] Timeline update queue drained.
[2021-05-28 08:05:40Z INFO JobServerQueue] All queue process tasks have been stopped, and all queues are drained.
[2021-05-28 08:05:40Z INFO TempDirectoryManager] Cleaning runner temp folder: /home/cloud_user/actions-runner/_work/_temp
[2021-05-28 08:05:40Z INFO JobRunner] Raising job completed event.
[2021-05-28 08:05:40Z INFO Worker] Job completed.
